This is pdfTeX, Version 3.141592653-2.6-1.40.26 (MiKTeX 24.4) (preloaded format=pdflatex 2024.11.27)  27 NOV 2024 21:50
entering extended mode
 restricted \write18 enabled.
 %&-line parsing enabled.
**./kerjapraktek.tex
(kerjapraktek.tex
LaTeX2e <2024-11-01>
L3 programming layer <2024-11-02>
(D:\MikTex\tex/latex/base\report.cls
Document Class: report 2024/06/29 v1.4n Standard LaTeX document class
(D:\MikTex\tex/latex/base\size12.clo
File: size12.clo 2024/06/29 v1.4n Standard LaTeX file (size option)
)
\c@part=\count196
\c@chapter=\count197
\c@section=\count198
\c@subsection=\count199
\c@subsubsection=\count266
\c@paragraph=\count267
\c@subparagraph=\count268
\c@figure=\count269
\c@table=\count270
\abovecaptionskip=\skip49
\belowcaptionskip=\skip50
\bibindent=\dimen141
) (kontrol/uinsuskakerjapraktek.sty
(D:\MikTex\tex/latex/tocbibind\tocbibind.sty
Package: tocbibind 2010/10/13 v1.5k extra ToC listings
Package tocbibind Info: The document has chapter divisions on input line 50.


Package tocbibind Note: Using chapter style headings, unless overridden.

) (D:\MikTex\tex/latex/hyperref\hyperref.sty
Package: hyperref 2024-11-05 v7.01l Hypertext links for LaTeX

(D:\MikTex\tex/generic/iftex\iftex.sty
Package: iftex 2022/02/03 v1.0f TeX engine tests
)
(D:\MikTex\tex/latex/graphics\keyval.sty
Package: keyval 2022/05/29 v1.15 key=value parser (DPC)
\KV@toks@=\toks17
)
(D:\MikTex\tex/latex/kvsetkeys\kvsetkeys.sty
Package: kvsetkeys 2022-10-05 v1.19 Key value parser (HO)
)
(D:\MikTex\tex/generic/kvdefinekeys\kvdefinekeys.sty
Package: kvdefinekeys 2019-12-19 v1.6 Define keys (HO)
)
(D:\MikTex\tex/generic/pdfescape\pdfescape.sty
Package: pdfescape 2019/12/09 v1.15 Implements pdfTeX's escape features (HO)

(D:\MikTex\tex/generic/ltxcmds\ltxcmds.sty
Package: ltxcmds 2023-12-04 v1.26 LaTeX kernel commands for general use (HO)
)
(D:\MikTex\tex/generic/pdftexcmds\pdftexcmds.sty
Package: pdftexcmds 2020-06-27 v0.33 Utility functions of pdfTeX for LuaTeX (HO
)

(D:\MikTex\tex/generic/infwarerr\infwarerr.sty
Package: infwarerr 2019/12/03 v1.5 Providing info/warning/error messages (HO)
)
Package pdftexcmds Info: \pdf@primitive is available.
Package pdftexcmds Info: \pdf@ifprimitive is available.
Package pdftexcmds Info: \pdfdraftmode found.
))
(D:\MikTex\tex/latex/hycolor\hycolor.sty
Package: hycolor 2020-01-27 v1.10 Color options for hyperref/bookmark (HO)
)
(D:\MikTex\tex/latex/hyperref\nameref.sty
Package: nameref 2023-11-26 v2.56 Cross-referencing by name of section

(D:\MikTex\tex/latex/refcount\refcount.sty
Package: refcount 2019/12/15 v3.6 Data extraction from label references (HO)
)
(D:\MikTex\tex/generic/gettitlestring\gettitlestring.sty
Package: gettitlestring 2019/12/15 v1.6 Cleanup title references (HO)

(D:\MikTex\tex/latex/kvoptions\kvoptions.sty
Package: kvoptions 2022-06-15 v3.15 Key value format for package options (HO)
))
\c@section@level=\count271
)
(D:\MikTex\tex/latex/etoolbox\etoolbox.sty
Package: etoolbox 2020/10/05 v2.5k e-TeX tools for LaTeX (JAW)
\etb@tempcnta=\count272
)
(D:\MikTex\tex/generic/stringenc\stringenc.sty
Package: stringenc 2019/11/29 v1.12 Convert strings between diff. encodings (HO
)
)
\@linkdim=\dimen142
\Hy@linkcounter=\count273
\Hy@pagecounter=\count274

(D:\MikTex\tex/latex/hyperref\pd1enc.def
File: pd1enc.def 2024-11-05 v7.01l Hyperref: PDFDocEncoding definition (HO)
Now handling font encoding PD1 ...
... no UTF-8 mapping file for font encoding PD1
)
(D:\MikTex\tex/generic/intcalc\intcalc.sty
Package: intcalc 2019/12/15 v1.3 Expandable calculations with integers (HO)
)
\Hy@SavedSpaceFactor=\count275

(D:\MikTex\tex/latex/hyperref\puenc.def
File: puenc.def 2024-11-05 v7.01l Hyperref: PDF Unicode definition (HO)
Now handling font encoding PU ...
... no UTF-8 mapping file for font encoding PU
)
Package hyperref Info: Option `final' set `true' on input line 4040.
Package hyperref Info: Hyper figures OFF on input line 4157.
Package hyperref Info: Link nesting OFF on input line 4162.
Package hyperref Info: Hyper index ON on input line 4165.
Package hyperref Info: Plain pages OFF on input line 4172.
Package hyperref Info: Backreferencing OFF on input line 4177.
Package hyperref Info: Implicit mode ON; LaTeX internals redefined.
Package hyperref Info: Bookmarks ON on input line 4424.
\c@Hy@tempcnt=\count276
 (D:\MikTex\tex/latex/url\url.sty
\Urlmuskip=\muskip17
Package: url 2013/09/16  ver 3.4  Verb mode for urls, etc.
)
LaTeX Info: Redefining \url on input line 4763.
\XeTeXLinkMargin=\dimen143

(D:\MikTex\tex/generic/bitset\bitset.sty
Package: bitset 2019/12/09 v1.3 Handle bit-vector datatype (HO)

(D:\MikTex\tex/generic/bigintcalc\bigintcalc.sty
Package: bigintcalc 2019/12/15 v1.5 Expandable calculations on big integers (HO
)
))
\Fld@menulength=\count277
\Field@Width=\dimen144
\Fld@charsize=\dimen145
Package hyperref Info: Hyper figures OFF on input line 6042.
Package hyperref Info: Link nesting OFF on input line 6047.
Package hyperref Info: Hyper index ON on input line 6050.
Package hyperref Info: backreferencing OFF on input line 6057.
Package hyperref Info: Link coloring OFF on input line 6062.
Package hyperref Info: Link coloring with OCG OFF on input line 6067.
Package hyperref Info: PDF/A mode OFF on input line 6072.

(D:\MikTex\tex/latex/base\atbegshi-ltx.sty
Package: atbegshi-ltx 2021/01/10 v1.0c Emulation of the original atbegshi
package with kernel methods
)
\Hy@abspage=\count278
\c@Item=\count279
\c@Hfootnote=\count280
)
Package hyperref Info: Driver (autodetected): hpdftex.

(D:\MikTex\tex/latex/hyperref\hpdftex.def
File: hpdftex.def 2024-11-05 v7.01l Hyperref driver for pdfTeX

(D:\MikTex\tex/latex/base\atveryend-ltx.sty
Package: atveryend-ltx 2020/08/19 v1.0a Emulation of the original atveryend pac
kage
with kernel methods
)
\Fld@listcount=\count281
\c@bookmark@seq@number=\count282

(D:\MikTex\tex/latex/rerunfilecheck\rerunfilecheck.sty
Package: rerunfilecheck 2022-07-10 v1.10 Rerun checks for auxiliary files (HO)

(D:\MikTex\tex/generic/uniquecounter\uniquecounter.sty
Package: uniquecounter 2019/12/15 v1.4 Provide unlimited unique counter (HO)
)
Package uniquecounter Info: New unique counter `rerunfilecheck' on input line 2
85.
)
\Hy@SectionHShift=\skip51
)

Package hyperref Warning: Option `a4paper' is no longer used.

Package hyperref Info: Option `colorlinks' set `false' on input line 30.
Package hyperref Info: Option `bookmarksopen' set `false' on input line 30.
Package hyperref Info: Option `bookmarksnumbered' set `true' on input line 30.
(D:\MikTex\tex/latex/multirow\multirow.sty
Package: multirow 2024/11/12 v2.9 Span multiple rows of a table
\multirow@colwidth=\skip52
\multirow@cntb=\count283
\multirow@dima=\skip53
\bigstrutjot=\dimen146
)
(D:\MikTex\tex/latex/graphics\graphicx.sty
Package: graphicx 2021/09/16 v1.2d Enhanced LaTeX Graphics (DPC,SPQR)

(D:\MikTex\tex/latex/graphics\graphics.sty
Package: graphics 2024/08/06 v1.4g Standard LaTeX Graphics (DPC,SPQR)

(D:\MikTex\tex/latex/graphics\trig.sty
Package: trig 2023/12/02 v1.11 sin cos tan (DPC)
)
(D:\MikTex\tex/latex/graphics-cfg\graphics.cfg
File: graphics.cfg 2016/06/04 v1.11 sample graphics configuration
)
Package graphics Info: Driver file: pdftex.def on input line 106.

(D:\MikTex\tex/latex/graphics-def\pdftex.def
File: pdftex.def 2024/04/13 v1.2c Graphics/color driver for pdftex
))
\Gin@req@height=\dimen147
\Gin@req@width=\dimen148
)
(D:\MikTex\tex/latex/setspace\setspace.sty
Package: setspace 2022/12/04 v6.7b set line spacing
)
(D:\MikTex\tex/latex/geometry\geometry.sty
Package: geometry 2020/01/02 v5.9 Page Geometry

(D:\MikTex\tex/generic/iftex\ifvtex.sty
Package: ifvtex 2019/10/25 v1.7 ifvtex legacy package. Use iftex instead.
)
\Gm@cnth=\count284
\Gm@cntv=\count285
\c@Gm@tempcnt=\count286
\Gm@bindingoffset=\dimen149
\Gm@wd@mp=\dimen150
\Gm@odd@mp=\dimen151
\Gm@even@mp=\dimen152
\Gm@layoutwidth=\dimen153
\Gm@layoutheight=\dimen154
\Gm@layouthoffset=\dimen155
\Gm@layoutvoffset=\dimen156
\Gm@dimlist=\toks18

(D:\MikTex\tex/latex/geometry\geometry.cfg))
(D:\MikTex\tex/latex/caption\caption.sty
Package: caption 2023/08/05 v3.6o Customizing captions (AR)

(D:\MikTex\tex/latex/caption\caption3.sty
Package: caption3 2023/07/31 v2.4d caption3 kernel (AR)
\caption@tempdima=\dimen157
\captionmargin=\dimen158
\caption@leftmargin=\dimen159
\caption@rightmargin=\dimen160
\caption@width=\dimen161
\caption@indent=\dimen162
\caption@parindent=\dimen163
\caption@hangindent=\dimen164
Package caption Info: Standard document class detected.
)
\c@caption@flags=\count287
\c@continuedfloat=\count288
Package caption Info: hyperref package is loaded.
)
(D:\MikTex\tex/latex/amsmath\amsmath.sty
Package: amsmath 2024/11/05 v2.17t AMS math features
\@mathmargin=\skip54

For additional information on amsmath, use the `?' option.
(D:\MikTex\tex/latex/amsmath\amstext.sty
Package: amstext 2021/08/26 v2.01 AMS text

(D:\MikTex\tex/latex/amsmath\amsgen.sty
File: amsgen.sty 1999/11/30 v2.0 generic functions
\@emptytoks=\toks19
\ex@=\dimen165
))
(D:\MikTex\tex/latex/amsmath\amsbsy.sty
Package: amsbsy 1999/11/29 v1.2d Bold Symbols
\pmbraise@=\dimen166
)
(D:\MikTex\tex/latex/amsmath\amsopn.sty
Package: amsopn 2022/04/08 v2.04 operator names
)
\inf@bad=\count289
LaTeX Info: Redefining \frac on input line 233.
\uproot@=\count290
\leftroot@=\count291
LaTeX Info: Redefining \overline on input line 398.
LaTeX Info: Redefining \colon on input line 409.
\classnum@=\count292
\DOTSCASE@=\count293
LaTeX Info: Redefining \ldots on input line 495.
LaTeX Info: Redefining \dots on input line 498.
LaTeX Info: Redefining \cdots on input line 619.
\Mathstrutbox@=\box52
\strutbox@=\box53
LaTeX Info: Redefining \big on input line 721.
LaTeX Info: Redefining \Big on input line 722.
LaTeX Info: Redefining \bigg on input line 723.
LaTeX Info: Redefining \Bigg on input line 724.
\big@size=\dimen167
LaTeX Font Info:    Redeclaring font encoding OML on input line 742.
LaTeX Font Info:    Redeclaring font encoding OMS on input line 743.
\macc@depth=\count294
LaTeX Info: Redefining \bmod on input line 904.
LaTeX Info: Redefining \pmod on input line 909.
LaTeX Info: Redefining \smash on input line 939.
LaTeX Info: Redefining \relbar on input line 969.
LaTeX Info: Redefining \Relbar on input line 970.
\c@MaxMatrixCols=\count295
\dotsspace@=\muskip18
\c@parentequation=\count296
\dspbrk@lvl=\count297
\tag@help=\toks20
\row@=\count298
\column@=\count299
\maxfields@=\count300
\andhelp@=\toks21
\eqnshift@=\dimen168
\alignsep@=\dimen169
\tagshift@=\dimen170
\tagwidth@=\dimen171
\totwidth@=\dimen172
\lineht@=\dimen173
\@envbody=\toks22
\multlinegap=\skip55
\multlinetaggap=\skip56
\mathdisplay@stack=\toks23
LaTeX Info: Redefining \[ on input line 2953.
LaTeX Info: Redefining \] on input line 2954.
)
(D:\MikTex\tex/latex/pslatex\pslatex.sty
Package: pslatex 2021/01/13 v1.3 pslatex emulation (DPC)
LaTeX Font Info:    Redeclaring symbol font `operators' on input line 66.
LaTeX Font Info:    Overwriting symbol font `operators' in version `normal'
(Font)                  OT1/cmr/m/n --> OT1/ptmcm/m/n on input line 66.
LaTeX Font Info:    Overwriting symbol font `operators' in version `bold'
(Font)                  OT1/cmr/bx/n --> OT1/ptmcm/m/n on input line 66.
LaTeX Font Info:    Redeclaring symbol font `letters' on input line 67.
LaTeX Font Info:    Overwriting symbol font `letters' in version `normal'
(Font)                  OML/cmm/m/it --> OML/ptmcm/m/it on input line 67.
LaTeX Font Info:    Overwriting symbol font `letters' in version `bold'
(Font)                  OML/cmm/b/it --> OML/ptmcm/m/it on input line 67.
LaTeX Font Info:    Redeclaring symbol font `symbols' on input line 68.
LaTeX Font Info:    Overwriting symbol font `symbols' in version `normal'
(Font)                  OMS/cmsy/m/n --> OMS/pzccm/m/n on input line 68.
LaTeX Font Info:    Overwriting symbol font `symbols' in version `bold'
(Font)                  OMS/cmsy/b/n --> OMS/pzccm/m/n on input line 68.
LaTeX Font Info:    Redeclaring symbol font `largesymbols' on input line 69.
LaTeX Font Info:    Overwriting symbol font `largesymbols' in version `normal'
(Font)                  OMX/cmex/m/n --> OMX/psycm/m/n on input line 69.
LaTeX Font Info:    Overwriting symbol font `largesymbols' in version `bold'
(Font)                  OMX/cmex/m/n --> OMX/psycm/m/n on input line 69.
\symbold=\mathgroup4
\symitalic=\mathgroup5
LaTeX Font Info:    Redeclaring math alphabet \mathbf on input line 75.
LaTeX Font Info:    Overwriting math alphabet `\mathbf' in version `normal'
(Font)                  OT1/cmr/bx/n --> OT1/ptm/bx/n on input line 75.
LaTeX Font Info:    Overwriting math alphabet `\mathbf' in version `bold'
(Font)                  OT1/cmr/bx/n --> OT1/ptm/bx/n on input line 75.
LaTeX Font Info:    Redeclaring math alphabet \mathit on input line 76.
LaTeX Font Info:    Overwriting math alphabet `\mathit' in version `normal'
(Font)                  OT1/cmr/m/it --> OT1/ptm/m/it on input line 76.
LaTeX Font Info:    Overwriting math alphabet `\mathit' in version `bold'
(Font)                  OT1/cmr/bx/it --> OT1/ptm/m/it on input line 76.
)
(D:\MikTex\tex/latex/fancyhdr\fancyhdr.sty
Package: fancyhdr 2024/11/20 v4.4 Extensive control of page headers and footers

\f@nch@headwidth=\skip57
\f@nch@O@elh=\skip58
\f@nch@O@erh=\skip59
\f@nch@O@olh=\skip60
\f@nch@O@orh=\skip61
\f@nch@O@elf=\skip62
\f@nch@O@erf=\skip63
\f@nch@O@olf=\skip64
\f@nch@O@orf=\skip65
)
(D:\MikTex\tex/latex/pdfpages\pdfpages.sty
Package: pdfpages 2024/10/28 v0.6c Insert pages of external PDF documents (AM)
 (D:\MikTex\tex/latex/base\ifthen.sty
Package: ifthen 2024/03/16 v1.1e Standard LaTeX ifthen package (DPC)
) (D:\MikTex\tex/latex/tools\calc.sty
Package: calc 2023/07/08 v4.3 Infix arithmetic (KKT,FJ)
\calc@Acount=\count301
\calc@Bcount=\count302
\calc@Adimen=\dimen174
\calc@Bdimen=\dimen175
\calc@Askip=\skip66
\calc@Bskip=\skip67
LaTeX Info: Redefining \setlength on input line 80.
LaTeX Info: Redefining \addtolength on input line 81.
\calc@Ccount=\count303
\calc@Cskip=\skip68
) (D:\MikTex\tex/latex/eso-pic\eso-pic.sty
Package: eso-pic 2023/05/03 v3.0c eso-pic (RN)
\ESO@tempdima=\dimen176
\ESO@tempdimb=\dimen177
(D:\MikTex\tex/latex/xcolor\xcolor.sty
Package: xcolor 2024/09/29 v3.02 LaTeX color extensions (UK)

(D:\MikTex\tex/latex/graphics-cfg\color.cfg
File: color.cfg 2016/01/02 v1.6 sample color configuration
)
Package xcolor Info: Driver file: pdftex.def on input line 274.

(D:\MikTex\tex/latex/graphics\mathcolor.ltx)
Package xcolor Info: Model `cmy' substituted by `cmy0' on input line 1349.
Package xcolor Info: Model `hsb' substituted by `rgb' on input line 1353.
Package xcolor Info: Model `RGB' extended on input line 1365.
Package xcolor Info: Model `HTML' substituted by `rgb' on input line 1367.
Package xcolor Info: Model `Hsb' substituted by `hsb' on input line 1368.
Package xcolor Info: Model `tHsb' substituted by `hsb' on input line 1369.
Package xcolor Info: Model `HSB' substituted by `hsb' on input line 1370.
Package xcolor Info: Model `Gray' substituted by `gray' on input line 1371.
Package xcolor Info: Model `wave' substituted by `hsb' on input line 1372.
))
\AM@pagewidth=\dimen178
\AM@pageheight=\dimen179
\AM@fboxrule=\dimen180

(D:\MikTex\tex/latex/pdfpages\pppdftex.def
File: pppdftex.def 2024/10/28 v0.6c Pdfpages driver for pdfTeX (AM)
)
\pdfpages@includegraphics@status=\count304
\AM@pagebox=\box54
\AM@global@opts=\toks24
\AM@pagecnt=\count305
\AM@toc@title=\toks25
\AM@lof@heading=\toks26
\c@AM@survey=\count306
\AM@templatesizebox=\box55
)
(D:\MikTex\tex/latex/colortbl\colortbl.sty
Package: colortbl 2024/07/06 v1.0i Color table columns (DPC)
 (D:\MikTex\tex/latex/tools\array.sty
Package: array 2024/10/17 v2.6g Tabular extension package (FMi)
\col@sep=\dimen181
\ar@mcellbox=\box56
\extrarowheight=\dimen182
\NC@list=\toks27
\extratabsurround=\skip69
\backup@length=\skip70
\ar@cellbox=\box57
)
\everycr=\toks28
\minrowclearance=\skip71
\rownum=\count307
) (D:\MikTex\tex/latex/float\float.sty
Package: float 2001/11/08 v1.3d Float enhancements (AL)
\c@float@type=\count308
\float@exts=\toks29
\float@box=\box58
\@float@everytoks=\toks30
\@floatcapt=\box59
)
(D:\MikTex\tex/latex/apacite\apacite.sty
Package: apacite 2013/07/21 v6.03 APA citation
\c@BibCnt=\count309
\bibleftmargin=\skip72
\bibindent=\skip73
\bibparsep=\skip74
\bibitemsep=\skip75
\biblabelsep=\skip76
)
(D:\MikTex\tex/latex/titlesec\titlesec.sty
Package: titlesec 2023/10/27 v2.16 Sectioning titles
\ttl@box=\box60
\beforetitleunit=\skip77
\aftertitleunit=\skip78
\ttl@plus=\dimen183
\ttl@minus=\dimen184
\ttl@toksa=\toks31
\titlewidth=\dimen185
\titlewidthlast=\dimen186
\titlewidthfirst=\dimen187
)
(D:\MikTex\tex/latex/lipsum\lipsum.sty
(D:\MikTex\tex/latex/l3packages/l3keys2e\l3keys2e.sty
(D:\MikTex\tex/latex/l3kernel\expl3.sty
Package: expl3 2024-11-02 L3 programming layer (loader) 

(D:\MikTex\tex/latex/l3backend\l3backend-pdftex.def
File: l3backend-pdftex.def 2024-05-08 L3 backend support: PDF output (pdfTeX)
\l__color_backend_stack_int=\count310
\l__pdf_internal_box=\box61
))
Package: l3keys2e 2024-08-16 LaTeX2e option processing using LaTeX3 keys
)
Package: lipsum 2021-09-20 v2.7 150 paragraphs of Lorem Ipsum dummy text
\g__lipsum_par_int=\count311
\l__lipsum_a_int=\count312
\l__lipsum_b_int=\count313

(D:\MikTex\tex/latex/lipsum\lipsum.ltd.tex))
(D:\MikTex\tex/latex/amsfonts\amssymb.sty
Package: amssymb 2013/01/14 v3.01 AMS font symbols

(D:\MikTex\tex/latex/amsfonts\amsfonts.sty
Package: amsfonts 2013/01/14 v3.01 Basic AMSFonts support
\symAMSa=\mathgroup6
\symAMSb=\mathgroup7
LaTeX Font Info:    Redeclaring math symbol \hbar on input line 98.
LaTeX Font Info:    Overwriting math alphabet `\mathfrak' in version `bold'
(Font)                  U/euf/m/n --> U/euf/b/n on input line 106.
))
(D:\MikTex\tex/latex/enumitem\enumitem.sty
Package: enumitem 2019/06/20 v3.9 Customized lists
\labelindent=\skip79
\enit@outerparindent=\dimen188
\enit@toks=\toks32
\enit@inbox=\box62
\enit@count@id=\count314
\enitdp@description=\count315
)
(D:\MikTex\tex/latex/appendix\appendix.sty
Package: appendix 2020/02/08 v1.2c extra appendix facilities
\c@@pps=\count316
\c@@ppsavesec=\count317
\c@@ppsaveapp=\count318
)
(D:\MikTex\tex/latex/wrapfig\wrapfig.sty
\wrapoverhang=\dimen189
\WF@size=\dimen190
\c@WF@wrappedlines=\count319
\WF@box=\box63
\WF@everypar=\toks33
Package: wrapfig 2003/01/31  v 3.6
)
(D:\MikTex\tex/latex/tools\longtable.sty
Package: longtable 2024-10-27 v4.22 Multi-page Table package (DPC)
\LTleft=\skip80
\LTright=\skip81
\LTpre=\skip82
\LTpost=\skip83
\LTchunksize=\count320
\LTcapwidth=\dimen191
\LT@head=\box64
\LT@firsthead=\box65
\LT@foot=\box66
\LT@lastfoot=\box67
\LT@gbox=\box68
\LT@cols=\count321
\LT@rows=\count322
\c@LT@tables=\count323
\c@LT@chunks=\count324
\LT@p@ftn=\toks34
)
(D:\MikTex\tex/latex/graphics\lscape.sty
Package: lscape 2020/05/28 v3.02 Landscape Pages (DPC)
)
(D:\MikTex\tex/latex/tools\tabularx.sty
Package: tabularx 2023/12/11 v2.12a `tabularx' package (DPC)
\TX@col@width=\dimen192
\TX@old@table=\dimen193
\TX@old@col=\dimen194
\TX@target=\dimen195
\TX@delta=\dimen196
\TX@cols=\count325
\TX@ftn=\toks35
)
(D:\MikTex\tex/latex/makecell\makecell.sty
Package: makecell 2009/08/03 V0.1e Managing of Tab Column Heads and Cells
\rotheadsize=\dimen197
\c@nlinenum=\count326
\TeXr@lab=\toks36
))
(D:\MikTex\tex/latex/ragged2e\ragged2e.sty
Package: ragged2e 2023/06/22 v3.6 ragged2e Package
\CenteringLeftskip=\skip84
\RaggedLeftLeftskip=\skip85
\RaggedRightLeftskip=\skip86
\CenteringRightskip=\skip87
\RaggedLeftRightskip=\skip88
\RaggedRightRightskip=\skip89
\CenteringParfillskip=\skip90
\RaggedLeftParfillskip=\skip91
\RaggedRightParfillskip=\skip92
\JustifyingParfillskip=\skip93
\CenteringParindent=\skip94
\RaggedLeftParindent=\skip95
\RaggedRightParindent=\skip96
\JustifyingParindent=\skip97
) (kontrol/laporan_setting.tex)
(konfigurasi/datakerjapraktek.tex) (kerjapraktek.aux (kontrol/cover.aux)
(kontrol/lembarPengesahanInstansi.aux) (kontrol/lembarPengesahanProdi.aux)
(halamandepan/kataPengantar.aux) (halamandepan/abstrak.aux)
(halamandepan/abstrakInggris.aux) (konten/bab1.aux) (konten/bab2.aux)
(konten/bab3.aux) (konten/bab4.aux

LaTeX Warning: Label `fig:enter-label' multiply defined.


LaTeX Warning: Label `tab:my-table' multiply defined.


LaTeX Warning: Label `tab:my-table' multiply defined.


LaTeX Warning: Label `tab:my-table' multiply defined.


LaTeX Warning: Label `tab:my-table' multiply defined.


LaTeX Warning: Label `tab:my-table' multiply defined.


LaTeX Warning: Label `tab:my-table' multiply defined.


LaTeX Warning: Label `tab:my-table' multiply defined.


LaTeX Warning: Label `tab:my-table' multiply defined.


LaTeX Warning: Label `tab:my-table' multiply defined.


LaTeX Warning: Label `tab:my-table' multiply defined.


LaTeX Warning: Label `tab:my-table' multiply defined.


LaTeX Warning: Label `tab:my-table' multiply defined.


LaTeX Warning: Label `tab:my-table' multiply defined.


LaTeX Warning: Label `tab:my-table' multiply defined.


LaTeX Warning: Label `tab:my-table' multiply defined.


LaTeX Warning: Label `fig:enter-label' multiply defined.


LaTeX Warning: Label `fig:enter-label' multiply defined.


LaTeX Warning: Label `fig:enter-label' multiply defined.


LaTeX Warning: Label `fig:enter-label' multiply defined.


LaTeX Warning: Label `fig:enter-label' multiply defined.


LaTeX Warning: Label `fig:enter-label' multiply defined.


LaTeX Warning: Label `fig:enter-label' multiply defined.


LaTeX Warning: Label `fig:enter-label' multiply defined.


LaTeX Warning: Label `fig:enter-label' multiply defined.


LaTeX Warning: Label `fig:enter-label' multiply defined.


LaTeX Warning: Label `fig:enter-label' multiply defined.


LaTeX Warning: Label `fig:enter-label' multiply defined.


LaTeX Warning: Label `fig:enter-label' multiply defined.


LaTeX Warning: Label `fig:enter-label' multiply defined.


LaTeX Warning: Label `fig:enter-label' multiply defined.


LaTeX Warning: Label `fig:enter-label' multiply defined.


LaTeX Warning: Label `fig:enter-label' multiply defined.


LaTeX Warning: Label `fig:enter-label' multiply defined.


LaTeX Warning: Label `fig:enter-label' multiply defined.


LaTeX Warning: Label `fig:enter-label' multiply defined.


LaTeX Warning: Label `fig:enter-label' multiply defined.


LaTeX Warning: Label `tab:tabel-user' multiply defined.


LaTeX Warning: Label `tab:tabel-user' multiply defined.


LaTeX Warning: Label `tab:tabel-user' multiply defined.


LaTeX Warning: Label `tab:tabel-user' multiply defined.


LaTeX Warning: Label `tab:tabel-user' multiply defined.


LaTeX Warning: Label `tab:tabel-user' multiply defined.

) (konten/bab5.aux) (halamanbelakang/lampiranA.aux)
(halamanbelakang/lampiranB.aux) (halamanbelakang/lampiranC.aux)
(halamanbelakang/lampiranD.aux) (halamanbelakang/daftarRiwayatHidup.aux))
\openout1 = `kerjapraktek.aux'.

LaTeX Font Info:    Checking defaults for OML/cmm/m/it on input line 23.
LaTeX Font Info:    ... okay on input line 23.
LaTeX Font Info:    Checking defaults for OMS/pzccm/m/n on input line 23.
LaTeX Font Info:    Trying to load font information for OMS+pzccm on input line
 23.

(D:\MikTex\tex/latex/psnfss\omspzccm.fd
File: omspzccm.fd 2000/01/03 Fontinst v1.801 font definitions for OMS/pzccm.
)
LaTeX Font Info:    ... okay on input line 23.
LaTeX Font Info:    Checking defaults for OT1/cmr/m/n on input line 23.
LaTeX Font Info:    ... okay on input line 23.
LaTeX Font Info:    Checking defaults for T1/cmr/m/n on input line 23.
LaTeX Font Info:    ... okay on input line 23.
LaTeX Font Info:    Checking defaults for TS1/cmr/m/n on input line 23.
LaTeX Font Info:    ... okay on input line 23.
LaTeX Font Info:    Checking defaults for OMX/cmex/m/n on input line 23.
LaTeX Font Info:    ... okay on input line 23.
LaTeX Font Info:    Checking defaults for U/cmr/m/n on input line 23.
LaTeX Font Info:    ... okay on input line 23.
LaTeX Font Info:    Checking defaults for PD1/pdf/m/n on input line 23.
LaTeX Font Info:    ... okay on input line 23.
LaTeX Font Info:    Checking defaults for PU/pdf/m/n on input line 23.
LaTeX Font Info:    ... okay on input line 23.
Package hyperref Info: Link coloring OFF on input line 23.
 (kerjapraktek.out) (kerjapraktek.out)
\@outlinefile=\write3
\openout3 = `kerjapraktek.out'.


(D:\MikTex\tex/context/base/mkii\supp-pdf.mkii
[Loading MPS to PDF converter (version 2006.09.02).]
\scratchcounter=\count327
\scratchdimen=\dimen198
\scratchbox=\box69
\nofMPsegments=\count328
\nofMParguments=\count329
\everyMPshowfont=\toks37
\MPscratchCnt=\count330
\MPscratchDim=\dimen199
\MPnumerator=\count331
\makeMPintoPDFobject=\count332
\everyMPtoPDFconversion=\toks38
) (D:\MikTex\tex/latex/epstopdf-pkg\epstopdf-base.sty
Package: epstopdf-base 2020-01-24 v2.11 Base part for package epstopdf
Package epstopdf-base Info: Redefining graphics rule for `.eps' on input line 4
85.

(D:\MikTex\tex/latex/00miktex\epstopdf-sys.cfg
File: epstopdf-sys.cfg 2021/03/18 v2.0 Configuration of epstopdf for MiKTeX
))
*geometry* driver: auto-detecting
*geometry* detected driver: pdftex
*geometry* verbose mode - [ preamble ] result:
* driver: pdftex
* paper: a4paper
* layout: <same size as paper>
* layoutoffset:(h,v)=(0.0pt,0.0pt)
* modes: 
* h-part:(L,W,R)=(113.81102pt, 398.3386pt, 85.35826pt)
* v-part:(T,H,B)=(85.35826pt, 645.87756pt, 113.81102pt)
* \paperwidth=597.50787pt
* \paperheight=845.04684pt
* \textwidth=398.33858pt
* \textheight=662.9493pt
* \oddsidemargin=41.54103pt
* \evensidemargin=41.54103pt
* \topmargin=-14.22636pt
* \headheight=0.0pt
* \headsep=25.0pt
* \topskip=12.0pt
* \footskip=42.67912pt
* \marginparwidth=35.0pt
* \marginparsep=10.0pt
* \columnsep=10.0pt
* \skip\footins=10.8pt plus 4.0pt minus 2.0pt
* \hoffset=0.0pt
* \voffset=0.0pt
* \mag=1000
* \@twocolumnfalse
* \@twosidefalse
* \@mparswitchfalse
* \@reversemarginfalse
* (1in=72.27pt=25.4mm, 1cm=28.453pt)

Package caption Info: Begin \AtBeginDocument code.
Package caption Info: float package is loaded.
Package caption Info: longtable package is loaded.
(D:\MikTex\tex/latex/caption\ltcaption.sty
Package: ltcaption 2021/01/08 v1.4c longtable captions (AR)
)
Package caption Info: wrapfig package is loaded.
Package caption Info: End \AtBeginDocument code.

(D:\MikTex\tex/latex/pdflscape\pdflscape.sty
Package: pdflscape 2022-10-27 v0.13 Display of landscape pages in PDF

(D:\MikTex\tex/latex/pdflscape\pdflscape-nometadata.sty
Package: pdflscape-nometadata 2022-10-28 v0.13 Display of landscape pages in PD
F (HO)
Package pdflscape Info: Auto-detected driver: pdftex on input line 81.
))
\c@maskedRefs=\count333

(D:\MikTex\tex/latex/apacite\english.apc
File: english.apc 2013/07/21 v6.03 apacite language file
LaTeX Info: Redefining \BPBI on input line 129.
LaTeX Info: Redefining \BHBI on input line 130.
)
\openout2 = `kontrol/cover.aux'.

 (kontrol/cover.tex
LaTeX Font Info:    Calculating math sizes for size <13.5> on input line 29.
LaTeX Font Info:    Trying to load font information for OT1+ptmcm on input line
 29.

(D:\MikTex\tex/latex/psnfss\ot1ptmcm.fd
File: ot1ptmcm.fd 2000/01/03 Fontinst v1.801 font definitions for OT1/ptmcm.
)
LaTeX Font Info:    Trying to load font information for OML+ptmcm on input line
 29.

(D:\MikTex\tex/latex/psnfss\omlptmcm.fd
File: omlptmcm.fd 2000/01/03 Fontinst v1.801 font definitions for OML/ptmcm.
)
LaTeX Font Info:    Trying to load font information for OMX+psycm on input line
 29.

(D:\MikTex\tex/latex/psnfss\omxpsycm.fd
File: omxpsycm.fd 2000/01/03 Fontinst v1.801 font definitions for OMX/psycm.
)
LaTeX Font Info:    Font shape `OT1/ptm/bx/n' in size <13.5> not available
(Font)              Font shape `OT1/ptm/b/n' tried instead on input line 29.
LaTeX Font Info:    Font shape `OT1/ptm/bx/n' in size <9.44995> not available
(Font)              Font shape `OT1/ptm/b/n' tried instead on input line 29.
LaTeX Font Info:    Font shape `OT1/ptm/bx/n' in size <6.75> not available
(Font)              Font shape `OT1/ptm/b/n' tried instead on input line 29.
LaTeX Font Info:    Trying to load font information for U+msa on input line 29.

 (D:\MikTex\tex/latex/amsfonts\umsa.fd
File: umsa.fd 2013/01/14 v3.01 AMS symbols A
)
LaTeX Font Info:    Trying to load font information for U+msb on input line 29.

(D:\MikTex\tex/latex/amsfonts\umsb.fd
File: umsb.fd 2013/01/14 v3.01 AMS symbols B
)
<kontrol/gambar/logouin.png, id=243, 289.08pt x 291.0875pt>
File: kontrol/gambar/logouin.png Graphic file (type png)
<use kontrol/gambar/logouin.png>
Package pdftex.def Info: kontrol/gambar/logouin.png  used on input line 35.
(pdftex.def)             Requested size: 147.95375pt x 147.95518pt.


[1


{C:/Users/Rafiki/AppData/Local/MiKTeX/fonts/map/pdftex/pdftex.map}{D:/MikTex/fo
nts/enc/dvips/base/8r.enc} <./kontrol/gambar/logouin.png>])
\openout2 = `kontrol/lembarPengesahanInstansi.aux'.


(kontrol/lembarPengesahanInstansi.tex
LaTeX Font Info:    Calculating math sizes for size <14> on input line 34.
LaTeX Font Info:    Font shape `OT1/ptm/bx/n' in size <14> not available
(Font)              Font shape `OT1/ptm/b/n' tried instead on input line 34.
LaTeX Font Info:    Font shape `OT1/ptm/bx/n' in size <9.79996> not available
(Font)              Font shape `OT1/ptm/b/n' tried instead on input line 34.
LaTeX Font Info:    Font shape `OT1/ptm/bx/n' in size <7> not available
(Font)              Font shape `OT1/ptm/b/n' tried instead on input line 34.
LaTeX Font Info:    Font shape `OT1/ptm/bx/n' in size <12> not available
(Font)              Font shape `OT1/ptm/b/n' tried instead on input line 43.
LaTeX Font Info:    Font shape `OT1/ptm/bx/n' in size <9> not available
(Font)              Font shape `OT1/ptm/b/n' tried instead on input line 43.
)

[2




]

Package hyperref Warning: Token not allowed in a PDF string (Unicode):
(hyperref)                removing `\uppercase' on input line 56.

\openout2 = `kontrol/lembarPengesahanProdi.aux'.

(kontrol/lembarPengesahanProdi.tex)

[3




]
\openout2 = `halamandepan/kataPengantar.aux'.

 (halamandepan/kataPengantar.tex
<pngwing.com (2).png, id=261, 1204.5pt x 246.1697pt>
File: pngwing.com (2).png Graphic file (type png)
<use pngwing.com (2).png>
Package pdftex.def Info: pngwing.com (2).png  used on input line 17.
(pdftex.def)             Requested size: 199.16928pt x 40.70264pt.


[4




 <./pngwing.com (2).png>])

[5]
\openout2 = `halamandepan/abstrak.aux'.

 (halamandepan/abstrak.tex)
Underfull \hbox (badness 10000) in paragraph at lines 15--56

 []



[6



]
\openout2 = `halamandepan/abstrakInggris.aux'.

 (halamandepan/abstrakInggris.tex)
Underfull \hbox (badness 10000) in paragraph at lines 15--56

 []



[7



] (kerjapraktek.toc

[8



])
\tf@toc=\write4
\openout4 = `kerjapraktek.toc'.



[9] (kerjapraktek.lof

[10


]

[11])
\tf@lof=\write5
\openout5 = `kerjapraktek.lof'.



[12] (kerjapraktek.lot)
\tf@lot=\write6
\openout6 = `kerjapraktek.lot'.



[13


]
\openout2 = `konten/bab1.aux'.

 (konten/bab1.tex
BAB 1.

LaTeX Warning: Citation `Sari2022' undefined on input line 20.


LaTeX Warning: Citation `Pradana2024' undefined on input line 21.


LaTeX Warning: Citation `Ropianto2022' undefined on input line 21.


LaTeX Warning: Citation `Wibowo2022' undefined on input line 21.




pdfTeX warning (ext4): destination with the same identifier (name{page.1}) has 
been already used, duplicate ignored
<to be read again> 
                   \relax 
l.25 
      [1



]

[2])

[3]
\openout2 = `konten/bab2.aux'.

 (konten/bab2.tex
BAB 2.
<Struktur Organisasi - Dengan Nama 2.png, id=804, 723.70375pt x 563.10374pt>
File: Struktur Organisasi - Dengan Nama 2.png Graphic file (type png)
<use Struktur Organisasi - Dengan Nama 2.png>
Package pdftex.def Info: Struktur Organisasi - Dengan Nama 2.png  used on input
 line 41.
(pdftex.def)             Requested size: 199.16928pt x 154.97pt.


[4




]

LaTeX Warning: Citation `harto2019optimalisasi' undefined on input line 48.


LaTeX Warning: Citation `harsinta2020perancangan' undefined on input line 48.


LaTeX Warning: Citation `agustin2018sistem' undefined on input line 52.


LaTeX Warning: Citation `fernandes2019perancangan' undefined on input line 56.


LaTeX Warning: Citation `North2020Washing' undefined on input line 59.


LaTeX Warning: Citation `Abney2021' undefined on input line 60.



[5 <./Struktur Organisasi - Dengan Nama 2.png>]
<image.png, id=839, 548.0475pt x 242.40562pt>
File: image.png Graphic file (type png)
<use image.png>
Package pdftex.def Info: image.png  used on input line 67.
(pdftex.def)             Requested size: 298.75392pt x 132.14357pt.


LaTeX Warning: Citation `faizah2022rancang' undefined on input line 72.


LaTeX Warning: Citation `arimbi2022rancangan' undefined on input line 75.



[6 <./image.png>]
Overfull \hbox (22.67207pt too wide) in alignment at lines 84--88
 [] [] [] [] 
 []


Overfull \hbox (22.67207pt too wide) in alignment at lines 88--90
 [] [] [] [] 
 []

<useCase/actor.jpg, id=852, 20.32594pt x 33.12375pt>
File: useCase/actor.jpg Graphic file (type jpg)
<use useCase/actor.jpg>
Package pdftex.def Info: useCase/actor.jpg  used on input line 92.
(pdftex.def)             Requested size: 28.45486pt x 28.453pt.

Underfull \hbox (badness 10000) in paragraph at lines 92--92
[]|\OT1/ptm/m/it/12 Use Case \OT1/ptm/m/n/12 menggam-barkan fung-sion-al-i-tas
 []

<useCase/dependency.png, id=853, 57.96657pt x 11.29219pt>
File: useCase/dependency.png Graphic file (type png)
<use useCase/dependency.png>
Package pdftex.def Info: useCase/dependency.png  used on input line 93.
(pdftex.def)             Requested size: 42.67912pt x 8.3142pt.
<useCase/generalization.jpg, id=854, 39.89906pt x 6.0225pt>
File: useCase/generalization.jpg Graphic file (type jpg)
<use useCase/generalization.jpg>
Package pdftex.def Info: useCase/generalization.jpg  used on input line 94.
(pdftex.def)             Requested size: 42.67912pt x 6.44215pt.

Underfull \hbox (badness 2065) in paragraph at lines 94--94
[]|\OT1/ptm/m/n/12 Hubungan di-mana ob-jek anak (\OT1/ptm/m/it/12 de-scen-dent\
OT1/ptm/m/n/12 )
 []

<useCase/include.jpg, id=855, 42.1575pt x 9.03375pt>
File: useCase/include.jpg Graphic file (type jpg)
<use useCase/include.jpg>
Package pdftex.def Info: useCase/include.jpg  used on input line 95.
(pdftex.def)             Requested size: 42.67912pt x 9.14563pt.
<useCase/extend.png, id=856, 51.94406pt x 11.29219pt>
File: useCase/extend.png Graphic file (type png)
<use useCase/extend.png>
Package pdftex.def Info: useCase/extend.png  used on input line 96.
(pdftex.def)             Requested size: 42.67912pt x 9.27841pt.
<useCase/association.png, id=857, 60.225pt x 4.51688pt>
File: useCase/association.png Graphic file (type png)
<use useCase/association.png>
Package pdftex.def Info: useCase/association.png  used on input line 97.
(pdftex.def)             Requested size: 42.67912pt x 3.20099pt.
<useCase/system.png, id=858, 33.12375pt x 42.91031pt>
File: useCase/system.png Graphic file (type png)
<use useCase/system.png>
Package pdftex.def Info: useCase/system.png  used on input line 98.
(pdftex.def)             Requested size: 28.453pt x 28.45248pt.

Underfull \hbox (badness 2042) in paragraph at lines 98--98
[]|\OT1/ptm/m/n/12 Menspesifikasikan paket yang menampilkan
 []

<useCase/use case.jpg, id=859, 46.67438pt x 23.33719pt>
File: useCase/use case.jpg Graphic file (type jpg)
<use useCase/use case.jpg>
Package pdftex.def Info: useCase/use case.jpg  used on input line 99.
(pdftex.def)             Requested size: 42.67912pt x 21.34047pt.

Underfull \hbox (badness 3449) in paragraph at lines 99--99
[]|\OT1/ptm/m/n/12 Deskripsi dari uru-tan aksi-aksi yang di-ta-
 []


Overfull \hbox (22.67207pt too wide) in alignment at lines 90--100
 [] [] [] [] 
 []

[7 <./useCase/actor.jpg> <./useCase/dependency.png> <./useCase/generalization.j
pg> <./useCase/include.jpg> <./useCase/extend.png>]
<activityDiagram/activity.jpg, id=868, 56.46094pt x 18.0675pt>
File: activityDiagram/activity.jpg Graphic file (type jpg)
<use activityDiagram/activity.jpg>
Package pdftex.def Info: activityDiagram/activity.jpg  used on input line 113.
(pdftex.def)             Requested size: 42.67912pt x 13.6581pt.

Underfull \hbox (badness 10000) in paragraph at lines 113--114
[]|\OT1/ptm/m/n/12 Memperlihatkan bagaimana masing-
 []

<activityDiagram/action.jpg, id=869, 44.41594pt x 19.57312pt>
File: activityDiagram/action.jpg Graphic file (type jpg)
<use activityDiagram/action.jpg>
Package pdftex.def Info: activityDiagram/action.jpg  used on input line 115.
(pdftex.def)             Requested size: 42.67912pt x 18.80818pt.
<activityDiagram/initial node.png, id=870, 42.91031pt x 39.14626pt>
File: activityDiagram/initial node.png Graphic file (type png)
<use activityDiagram/initial node.png>
Package pdftex.def Info: activityDiagram/initial node.png  used on input line 1
17.
(pdftex.def)             Requested size: 42.67912pt x 38.93529pt.
<activityDiagram/activity final node.png, id=871, 30.1125pt x 30.1125pt>
File: activityDiagram/activity final node.png Graphic file (type png)
<use activityDiagram/activity final node.png>
Package pdftex.def Info: activityDiagram/activity final node.png  used on input
 line 119.
(pdftex.def)             Requested size: 28.45369pt x 28.45369pt.

Underfull \hbox (badness 1221) in paragraph at lines 119--120
[]|\OT1/ptm/m/n/12 Bagaimana ob-jek diben-tuk dan di-han-
 []

<activityDiagram/fork node.jpg, id=872, 49.68562pt x 9.78656pt>
File: activityDiagram/fork node.jpg Graphic file (type jpg)
<use activityDiagram/fork node.jpg>
Package pdftex.def Info: activityDiagram/fork node.jpg  used on input line 121.

(pdftex.def)             Requested size: 42.67912pt x 8.40671pt.

Underfull \hbox (badness 2653) in paragraph at lines 121--122
[]|\OT1/ptm/m/n/12 Satu ali-ran yang pada tahap ter-tentu
 []


Overfull \hbox (15.85503pt too wide) in paragraph at lines 109--124
 [][] 
 []

<classDiagram/generalization.jpg, id=873, 42.91031pt x 6.77531pt>
File: classDiagram/generalization.jpg Graphic file (type jpg)
<use classDiagram/generalization.jpg>
Package pdftex.def Info: classDiagram/generalization.jpg  used on input line 13
7.
(pdftex.def)             Requested size: 42.67905pt x 28.4604pt.
<classDiagram/nary association.png, id=874, 21.07875pt x 21.07875pt>
File: classDiagram/nary association.png Graphic file (type png)
<use classDiagram/nary association.png>
Package pdftex.def Info: classDiagram/nary association.png  used on input line 
139.
(pdftex.def)             Requested size: 42.67912pt x 42.68pt.
<classDiagram/collaboration.png, id=875, 47.42719pt x 26.34843pt>
File: classDiagram/collaboration.png Graphic file (type png)
<use classDiagram/collaboration.png>
Package pdftex.def Info: classDiagram/collaboration.png  used on input line 141
.
(pdftex.def)             Requested size: 42.67912pt x 23.71094pt.
<classDiagram/class.png, id=876, 46.67438pt x 23.33719pt>
File: classDiagram/class.png Graphic file (type png)
<use classDiagram/class.png>
Package pdftex.def Info: classDiagram/class.png  used on input line 143.
(pdftex.def)             Requested size: 42.67912pt x 21.34047pt.
<classDiagram/realization.jpg, id=877, 46.67438pt x 8.28094pt>
File: classDiagram/realization.jpg Graphic file (type jpg)
<use classDiagram/realization.jpg>
Package pdftex.def Info: classDiagram/realization.jpg  used on input line 145.
(pdftex.def)             Requested size: 42.67912pt x 7.57242pt.
<classDiagram/dependency.jpg, id=878, 45.92157pt x 9.03375pt>
File: classDiagram/dependency.jpg Graphic file (type jpg)
<use classDiagram/dependency.jpg>
Package pdftex.def Info: classDiagram/dependency.jpg  used on input line 147.
(pdftex.def)             Requested size: 42.67912pt x 8.39645pt.

Overfull \hbox (5.40314pt too wide) in paragraph at lines 133--150
 [][] 
 []



[8 <./useCase/association.png> <./useCase/system.png> <./useCase/use case.jpg> 
<./activityDiagram/activity.jpg> <./activityDiagram/action.jpg> <./activityDiag
ram/initial node.png> <./activityDiagram/activity final node.png> <./activityDi
agram/fork node.jpg>]

LaTeX Warning: Citation `novendri2019aplikasi' undefined on input line 157.


LaTeX Warning: Citation `Ahmad2022' undefined on input line 157.


LaTeX Warning: Citation `mubarak2019rancang' undefined on input line 162.



[9 <./classDiagram/generalization.jpg> <./classDiagram/nary association.png> <.
/classDiagram/collaboration.png> <./classDiagram/class.png> <./classDiagram/rea
lization.jpg> <./classDiagram/dependency.jpg>]

LaTeX Warning: Citation `yulisman2020aplikasi' undefined on input line 163.


LaTeX Warning: Citation `sulaeman2019semua' undefined on input line 168.

)

[10]
\openout2 = `konten/bab3.aux'.

 (konten/bab3.tex
BAB 3.


[11




]
<Flowchart Metodologi Kerja Praktek.png, id=920, 773.89125pt x 1003.75pt>
File: Flowchart Metodologi Kerja Praktek.png Graphic file (type png)
<use Flowchart Metodologi Kerja Praktek.png>
Package pdftex.def Info: Flowchart Metodologi Kerja Praktek.png  used on input 
line 57.
(pdftex.def)             Requested size: 398.33858pt x 516.65369pt.


[12]

[13 <./Flowchart Metodologi Kerja Praktek.png>]

[14])

[15]
\openout2 = `konten/bab4.aux'.

 (konten/bab4.tex
BAB 4.


[16




]

[17]
<Use Case Diagram.png, id=966, 947.54pt x 854.19125pt>
File: Use Case Diagram.png Graphic file (type png)
<use Use Case Diagram.png>
Package pdftex.def Info: Use Case Diagram.png  used on input line 89.
(pdftex.def)             Requested size: 398.33858pt x 359.09677pt.


[18]
Overfull \hbox (23.36345pt too wide) in alignment at lines 96--102
 [] [] [] 
 []


Overfull \hbox (23.36345pt too wide) in alignment at lines 102--104
 [] [] [] 
 []


Underfull \hbox (badness 1199) in paragraph at lines 114--114
[]|\OT1/ptm/m/it/12 Use Case \OT1/ptm/m/n/12 ini men-gelola transaksi ma-suk, m
enc-
 []


Underfull \hbox (badness 10000) in paragraph at lines 119--119
[]|\OT1/ptm/m/it/12 Use Case \OT1/ptm/m/n/12 mer-in-cikan bahwa \OT1/ptm/m/it/1
2 Cus-tomer \OT1/ptm/m/n/12 da-pat
 []


Overfull \hbox (23.36345pt too wide) in alignment at lines 104--120
 [] [] [] 
 []

[19 <./Use Case Diagram.png>]

[20]
Overfull \hbox (25.19998pt too wide) in alignment at lines 128--133
 [] [] 
 []


Overfull \hbox (25.19998pt too wide) in alignment at lines 133--136
 [] [] 
 []


Underfull \hbox (badness 4072) in paragraph at lines 145--145
\OT1/ptm/m/n/12 Cus-tomer melakukan \OT1/ptm/m/it/12 lo-gin
 []


Underfull \hbox (badness 4072) in paragraph at lines 150--150
\OT1/ptm/m/n/12 Cus-tomer melakukan \OT1/ptm/m/it/12 lo-gin
 []


Overfull \hbox (25.19998pt too wide) in alignment at lines 136--153
 [] [] 
 []


Overfull \hbox (25.19998pt too wide) in alignment at lines 157--163
 [] [] 
 []


Overfull \hbox (25.19998pt too wide) in alignment at lines 163--168
 [] [] 
 []


Underfull \hbox (badness 7433) in paragraph at lines 174--174
[]|\OT1/ptm/m/n/12 Sistem menampilkan data keuan-gan di-ha-la-man
 []


Underfull \hbox (badness 1460) in paragraph at lines 182--182
[]|\OT1/ptm/m/n/12 2. Sis-tem ga-gal menampilkan ha-la-man la-po-ran
 []


Overfull \hbox (25.19998pt too wide) in alignment at lines 168--183
 [] [] 
 []

[21]
Overfull \hbox (25.19998pt too wide) in alignment at lines 187--193
 [] [] 
 []


Overfull \hbox (25.19998pt too wide) in alignment at lines 193--198
 [] [] 
 []


Underfull \hbox (badness 3492) in paragraph at lines 204--204
[]|\OT1/ptm/m/n/12 Sistem menampilkan data user, baik Karyawan
 []


Overfull \hbox (25.19998pt too wide) in alignment at lines 198--213
 [] [] 
 []

[22]
Overfull \hbox (25.19998pt too wide) in alignment at lines 217--223
 [] [] 
 []


Overfull \hbox (25.19998pt too wide) in alignment at lines 223--228
 [] [] 
 []


Underfull \hbox (badness 2617) in paragraph at lines 231--231
[]|\OT1/ptm/m/it/12 Use case \OT1/ptm/m/n/12 ini di-gu-nakan un-tuk menge-tahui
 data
 []


Overfull \hbox (25.19998pt too wide) in alignment at lines 228--243
 [] [] 
 []


Overfull \hbox (25.19998pt too wide) in alignment at lines 247--253
 [] [] 
 []


Overfull \hbox (25.19998pt too wide) in alignment at lines 253--258
 [] [] 
 []


Overfull \hbox (25.19998pt too wide) in alignment at lines 258--277
 [] [] 
 []

[23]
Overfull \hbox (25.19998pt too wide) in alignment at lines 281--287
 [] [] 
 []


Overfull \hbox (25.19998pt too wide) in alignment at lines 287--292
 [] [] 
 []


Overfull \hbox (25.19998pt too wide) in alignment at lines 292--311
 [] [] 
 []

[24]
Overfull \hbox (25.19998pt too wide) in alignment at lines 315--321
 [] [] 
 []


Overfull \hbox (25.19998pt too wide) in alignment at lines 321--326
 [] [] 
 []


Underfull \hbox (badness 10000) in paragraph at lines 336--336
[]|\OT1/ptm/m/n/12 2. Sis-tem menampilkan ha-la-man Data
 []


Underfull \hbox (badness 10000) in paragraph at lines 342--342
[]|\OT1/ptm/m/n/12 2. Sis-tem menampilkan ha-la-man Data
 []


Overfull \hbox (25.19998pt too wide) in alignment at lines 326--345
 [] [] 
 []

[25]
Overfull \hbox (25.19998pt too wide) in alignment at lines 349--355
 [] [] 
 []


Overfull \hbox (25.19998pt too wide) in alignment at lines 355--360
 [] [] 
 []


Overfull \hbox (25.19998pt too wide) in alignment at lines 360--379
 [] [] 
 []


Overfull \hbox (25.19998pt too wide) in alignment at lines 383--389
 [] [] 
 []


Overfull \hbox (25.19998pt too wide) in alignment at lines 389--394
 [] [] 
 []


Overfull \hbox (25.19998pt too wide) in alignment at lines 394--413
 [] [] 
 []



[26]
Overfull \hbox (25.19998pt too wide) in alignment at lines 417--423
 [] [] 
 []


Overfull \hbox (25.19998pt too wide) in alignment at lines 423--428
 [] [] 
 []


Underfull \hbox (badness 5189) in paragraph at lines 434--434
[]|\OT1/ptm/m/n/12 Sistem berhasil menam-bahkan, meli-hat ri-wayat
 []


Overfull \hbox (25.19998pt too wide) in alignment at lines 428--447
 [] [] 
 []

[27]
Overfull \hbox (25.19998pt too wide) in alignment at lines 451--457
 [] [] 
 []


Overfull \hbox (25.19998pt too wide) in alignment at lines 457--462
 [] [] 
 []


Underfull \hbox (badness 3724) in paragraph at lines 465--465
[]|\OT1/ptm/m/it/12 Use case \OT1/ptm/m/n/12 ini di-gu-nakan un-tuk meli-hat la
-po-ran
 []


Underfull \hbox (badness 1997) in paragraph at lines 468--468
[]|\OT1/ptm/m/n/12 Sistem berhasil meli-hat dan men-gun-duh la-po-ran
 []


Underfull \hbox (badness 1303) in paragraph at lines 473--473
[]|\OT1/ptm/m/n/12 3. Karyawan meli-hat dan
 []


Underfull \hbox (badness 1303) in paragraph at lines 479--479
[]|\OT1/ptm/m/n/12 3. Karyawan meli-hat dan
 []


Overfull \hbox (25.19998pt too wide) in alignment at lines 462--481
 [] [] 
 []

[28]
Overfull \hbox (25.19998pt too wide) in alignment at lines 485--491
 [] [] 
 []


Overfull \hbox (25.19998pt too wide) in alignment at lines 491--496
 [] [] 
 []


Underfull \hbox (badness 5119) in paragraph at lines 501--501
[]|\OT1/ptm/m/n/12 Karyawan menuliskan pe-san siaran (\OT1/ptm/m/it/12 Broad-ca
st\OT1/ptm/m/n/12 )
 []


Overfull \hbox (25.19998pt too wide) in alignment at lines 496--515
 [] [] 
 []

[29]
Overfull \hbox (25.19998pt too wide) in alignment at lines 519--525
 [] [] 
 []


Overfull \hbox (25.19998pt too wide) in alignment at lines 525--530
 [] [] 
 []


Underfull \hbox (badness 3769) in paragraph at lines 533--533
[]|\OT1/ptm/m/it/12 Use case \OT1/ptm/m/n/12 ini di-gu-nakan un-tuk meli-hat ri
-wayat
 []


Overfull \hbox (25.19998pt too wide) in alignment at lines 530--545
 [] [] 
 []


Overfull \hbox (25.19998pt too wide) in alignment at lines 549--555
 [] [] 
 []


Overfull \hbox (25.19998pt too wide) in alignment at lines 555--560
 [] [] 
 []


Overfull \hbox (25.19998pt too wide) in alignment at lines 560--579
 [] [] 
 []



[30]
<uml//Activity Diagram/Activity Diagram - Login.png, id=1042, 583.17876pt x 773
.89125pt>
File: uml//Activity Diagram/Activity Diagram - Login.png Graphic file (type png
)
<use uml//Activity Diagram/Activity Diagram - Login.png>
Package pdftex.def Info: uml//Activity Diagram/Activity Diagram - Login.png  us
ed on input line 592.
(pdftex.def)             Requested size: 338.59021pt x 449.32957pt.


[31]
<uml//Activity Diagram//Admin/Activity Diagram - Admin - Melihat Data Customer.
png, id=1048, 583.17876pt x 543.02875pt>
File: uml//Activity Diagram//Admin/Activity Diagram - Admin - Melihat Data Cust
omer.png Graphic file (type png)
<use uml//Activity Diagram//Admin/Activity Diagram - Admin - Melihat Data Custo
mer.png>
Package pdftex.def Info: uml//Activity Diagram//Admin/Activity Diagram - Admin 
- Melihat Data Customer.png  used on input line 601.
(pdftex.def)             Requested size: 318.67207pt x 296.7361pt.


[32 <./uml//Activity Diagram/Activity Diagram - Login.png>]
<uml//Activity Diagram//Admin/Activity Diagram - Admin - Melihat Data Laporan K
euangan.png, id=1055, 583.17876pt x 372.39125pt>
File: uml//Activity Diagram//Admin/Activity Diagram - Admin - Melihat Data Lapo
ran Keuangan.png Graphic file (type png)
<use uml//Activity Diagram//Admin/Activity Diagram - Admin - Melihat Data Lapor
an Keuangan.png>
Package pdftex.def Info: uml//Activity Diagram//Admin/Activity Diagram - Admin 
- Melihat Data Laporan Keuangan.png  used on input line 609.
(pdftex.def)             Requested size: 318.67207pt x 203.49185pt.
<uml//Activity Diagram//Admin/Activity Diagram - Admin - Menambahkan Karyawan.p
ng, id=1056, 583.17876pt x 914.41624pt>
File: uml//Activity Diagram//Admin/Activity Diagram - Admin - Menambahkan Karya
wan.png Graphic file (type png)
<use uml//Activity Diagram//Admin/Activity Diagram - Admin - Menambahkan Karyaw
an.png>
Package pdftex.def Info: uml//Activity Diagram//Admin/Activity Diagram - Admin 
- Menambahkan Karyawan.png  used on input line 617.
(pdftex.def)             Requested size: 318.67207pt x 499.67947pt.


[33 <./uml//Activity Diagram//Admin/Activity Diagram - Admin - Melihat Data Cus
tomer.png> <./uml//Activity Diagram//Admin/Activity Diagram - Admin - Melihat D
ata Laporan Keuangan.png>]
<uml//Activity Diagram//Admin/Activity Diagram - Admin - Menambahkan Harga Laun
dry.png, id=1065, 583.17876pt x 734.745pt>
File: uml//Activity Diagram//Admin/Activity Diagram - Admin - Menambahkan Harga
 Laundry.png Graphic file (type png)
<use uml//Activity Diagram//Admin/Activity Diagram - Admin - Menambahkan Harga 
Laundry.png>
Package pdftex.def Info: uml//Activity Diagram//Admin/Activity Diagram - Admin 
- Menambahkan Harga Laundry.png  used on input line 625.
(pdftex.def)             Requested size: 358.50227pt x 451.69171pt.


[34 <./uml//Activity Diagram//Admin/Activity Diagram - Admin - Menambahkan Kary
awan.png>]
<uml//Activity Diagram//Admin/Activity Diagram - Admin - Hapus Harga Laundry.pn
g, id=1072, 583.17876pt x 613.29124pt>
File: uml//Activity Diagram//Admin/Activity Diagram - Admin - Hapus Harga Laund
ry.png Graphic file (type png)
<use uml//Activity Diagram//Admin/Activity Diagram - Admin - Hapus Harga Laundr
y.png>
Package pdftex.def Info: uml//Activity Diagram//Admin/Activity Diagram - Admin 
- Hapus Harga Laundry.png  used on input line 633.
(pdftex.def)             Requested size: 358.50227pt x 377.02682pt.


[35 <./uml//Activity Diagram//Admin/Activity Diagram - Admin - Menambahkan Harg
a Laundry.png>]
<uml//Activity Diagram//Admin/Activity Diagram - Admin - Edit Harga Laundry.png
, id=1079, 583.17876pt x 733.74126pt>
File: uml//Activity Diagram//Admin/Activity Diagram - Admin - Edit Harga Laundr
y.png Graphic file (type png)
<use uml//Activity Diagram//Admin/Activity Diagram - Admin - Edit Harga Laundry
.png>
Package pdftex.def Info: uml//Activity Diagram//Admin/Activity Diagram - Admin 
- Edit Harga Laundry.png  used on input line 641.
(pdftex.def)             Requested size: 358.50227pt x 451.07466pt.


[36 <./uml//Activity Diagram//Admin/Activity Diagram - Admin - Hapus Harga Laun
dry.png>]
<uml//Activity Diagram//Admin/Activity Diagram - Admin - Edit Profil.png, id=10
87, 583.17876pt x 693.59125pt>
File: uml//Activity Diagram//Admin/Activity Diagram - Admin - Edit Profil.png G
raphic file (type png)
<use uml//Activity Diagram//Admin/Activity Diagram - Admin - Edit Profil.png>
Package pdftex.def Info: uml//Activity Diagram//Admin/Activity Diagram - Admin 
- Edit Profil.png  used on input line 649.
(pdftex.def)             Requested size: 358.50227pt x 426.39204pt.


[37 <./uml//Activity Diagram//Admin/Activity Diagram - Admin - Edit Harga Laund
ry.png>]
<uml//Activity Diagram//Admin/Activity Diagram - Admin - Pengaturan Tambah Data
 Bank.png, id=1094, 583.17876pt x 773.89125pt>
File: uml//Activity Diagram//Admin/Activity Diagram - Admin - Pengaturan Tambah
 Data Bank.png Graphic file (type png)
<use uml//Activity Diagram//Admin/Activity Diagram - Admin - Pengaturan Tambah 
Data Bank.png>
Package pdftex.def Info: uml//Activity Diagram//Admin/Activity Diagram - Admin 
- Pengaturan Tambah Data Bank.png  used on input line 657.
(pdftex.def)             Requested size: 358.50227pt x 475.75726pt.


[38 <./uml//Activity Diagram//Admin/Activity Diagram - Admin - Edit Profil.png>
]
<uml//Activity Diagram//Admin/Activity Diagram - Admin - Pengaturan Web.png, id
=1101, 583.17876pt x 733.74126pt>
File: uml//Activity Diagram//Admin/Activity Diagram - Admin - Pengaturan Web.pn
g Graphic file (type png)
<use uml//Activity Diagram//Admin/Activity Diagram - Admin - Pengaturan Web.png
>
Package pdftex.def Info: uml//Activity Diagram//Admin/Activity Diagram - Admin 
- Pengaturan Web.png  used on input line 665.
(pdftex.def)             Requested size: 358.50227pt x 451.07466pt.


[39 <./uml//Activity Diagram//Admin/Activity Diagram - Admin - Pengaturan Tamba
h Data Bank.png>]
<uml//Activity Diagram//Karyawan/Activity Diagram - Karyawan - Menambahkan Data
 Customer.png, id=1108, 583.17876pt x 693.59125pt>
File: uml//Activity Diagram//Karyawan/Activity Diagram - Karyawan - Menambahkan
 Data Customer.png Graphic file (type png)
<use uml//Activity Diagram//Karyawan/Activity Diagram - Karyawan - Menambahkan 
Data Customer.png>
Package pdftex.def Info: uml//Activity Diagram//Karyawan/Activity Diagram - Kar
yawan - Menambahkan Data Customer.png  used on input line 674.
(pdftex.def)             Requested size: 246.96797pt x 293.71933pt.


[40 <./uml//Activity Diagram//Admin/Activity Diagram - Admin - Pengaturan Web.p
ng>]
<uml//Activity Diagram//Karyawan/Activity Diagram - Karyawan - Tambah Order Bar
u.png, id=1115, 583.17876pt x 573.14125pt>
File: uml//Activity Diagram//Karyawan/Activity Diagram - Karyawan - Tambah Orde
r Baru.png Graphic file (type png)
<use uml//Activity Diagram//Karyawan/Activity Diagram - Karyawan - Tambah Order
 Baru.png>
Package pdftex.def Info: uml//Activity Diagram//Karyawan/Activity Diagram - Kar
yawan - Tambah Order Baru.png  used on input line 682.
(pdftex.def)             Requested size: 246.96797pt x 242.71164pt.


[41 <./uml//Activity Diagram//Karyawan/Activity Diagram - Karyawan - Menambahka
n Data Customer.png> <./uml//Activity Diagram//Karyawan/Activity Diagram - Kary
awan - Tambah Order Baru.png>]
<uml//Activity Diagram//Karyawan/Activity Diagram - Karyawan - Perbarui Status 
Order.png, id=1123, 584.1825pt x 764.8575pt>
File: uml//Activity Diagram//Karyawan/Activity Diagram - Karyawan - Perbarui St
atus Order.png Graphic file (type png)
<use uml//Activity Diagram//Karyawan/Activity Diagram - Karyawan - Perbarui Sta
tus Order.png>
Package pdftex.def Info: uml//Activity Diagram//Karyawan/Activity Diagram - Kar
yawan - Perbarui Status Order.png  used on input line 690.
(pdftex.def)             Requested size: 358.50227pt x 469.39839pt.
<uml//Activity Diagram//Karyawan/Activity Diagram - Karyawan - Detail Data Cust
omer.png, id=1124, 583.17876pt x 482.80376pt>
File: uml//Activity Diagram//Karyawan/Activity Diagram - Karyawan - Detail Data
 Customer.png Graphic file (type png)
<use uml//Activity Diagram//Karyawan/Activity Diagram - Karyawan - Detail Data 
Customer.png>
Package pdftex.def Info: uml//Activity Diagram//Karyawan/Activity Diagram - Kar
yawan - Detail Data Customer.png  used on input line 698.
(pdftex.def)             Requested size: 278.83578pt x 230.84439pt.


[42 <./uml//Activity Diagram//Karyawan/Activity Diagram - Karyawan - Perbarui S
tatus Order.png>]
<uml//Activity Diagram//Karyawan/Activity Diagram - Karyawan - Cetak Invoice.pn
g, id=1133, 584.1825pt x 654.445pt>
File: uml//Activity Diagram//Karyawan/Activity Diagram - Karyawan - Cetak Invoi
ce.png Graphic file (type png)
<use uml//Activity Diagram//Karyawan/Activity Diagram - Karyawan - Cetak Invoic
e.png>
Package pdftex.def Info: uml//Activity Diagram//Karyawan/Activity Diagram - Kar
yawan - Cetak Invoice.png  used on input line 706.
(pdftex.def)             Requested size: 278.83578pt x 312.38248pt.

Underfull \hbox (badness 1163) in paragraph at lines 703--709
[]\OT1/ptm/m/it/12 Activity Di-a-gram \OT1/ptm/m/n/12 cetak in-voice (karyawan)
 da-pat dil-i-hat dari gam-bar
 []



[43 <./uml//Activity Diagram//Karyawan/Activity Diagram - Karyawan - Detail Dat
a Customer.png> <./uml//Activity Diagram//Karyawan/Activity Diagram - Karyawan 
- Cetak Invoice.png>]
<uml//Activity Diagram//Karyawan/Activity Diagram - Karyawan - Laporan.png, id=
1141, 584.1825pt x 554.07pt>
File: uml//Activity Diagram//Karyawan/Activity Diagram - Karyawan - Laporan.png
 Graphic file (type png)
<use uml//Activity Diagram//Karyawan/Activity Diagram - Karyawan - Laporan.png>

Package pdftex.def Info: uml//Activity Diagram//Karyawan/Activity Diagram - Kar
yawan - Laporan.png  used on input line 714.
(pdftex.def)             Requested size: 358.50227pt x 340.03664pt.
<uml//Activity Diagram//Karyawan/Activity Diagram - Karyawan - Edit Profil.png,
 id=1142, 583.17876pt x 693.59125pt>
File: uml//Activity Diagram//Karyawan/Activity Diagram - Karyawan - Edit Profil
.png Graphic file (type png)
<use uml//Activity Diagram//Karyawan/Activity Diagram - Karyawan - Edit Profil.
png>
Package pdftex.def Info: uml//Activity Diagram//Karyawan/Activity Diagram - Kar
yawan - Edit Profil.png  used on input line 722.
(pdftex.def)             Requested size: 358.50227pt x 426.39204pt.


[44 <./uml//Activity Diagram//Karyawan/Activity Diagram - Karyawan - Laporan.pn
g>]
<uml//Activity Diagram//Karyawan/Activity Diagram - Karyawan - Broadcast Custom
er.png, id=1150, 584.1825pt x 554.07pt>
File: uml//Activity Diagram//Karyawan/Activity Diagram - Karyawan - Broadcast C
ustomer.png Graphic file (type png)
<use uml//Activity Diagram//Karyawan/Activity Diagram - Karyawan - Broadcast Cu
stomer.png>
Package pdftex.def Info: uml//Activity Diagram//Karyawan/Activity Diagram - Kar
yawan - Broadcast Customer.png  used on input line 730.
(pdftex.def)             Requested size: 318.67207pt x 302.25385pt.


[45 <./uml//Activity Diagram//Karyawan/Activity Diagram - Karyawan - Edit Profi
l.png>]
<uml//Activity Diagram//Customer/Activity Diagram - Customer - Riwayat Transaks
i.png, id=1157, 584.1825pt x 333.245pt>
File: uml//Activity Diagram//Customer/Activity Diagram - Customer - Riwayat Tra
nsaksi.png Graphic file (type png)
<use uml//Activity Diagram//Customer/Activity Diagram - Customer - Riwayat Tran
saksi.png>
Package pdftex.def Info: uml//Activity Diagram//Customer/Activity Diagram - Cus
tomer - Riwayat Transaksi.png  used on input line 739.
(pdftex.def)             Requested size: 318.67207pt x 181.79034pt.
<uml//Activity Diagram//Customer/Activity Diagram - Customer - Edit Profil.png,
 id=1158, 584.1825pt x 684.5575pt>
File: uml//Activity Diagram//Customer/Activity Diagram - Customer - Edit Profil
.png Graphic file (type png)
<use uml//Activity Diagram//Customer/Activity Diagram - Customer - Edit Profil.
png>
Package pdftex.def Info: uml//Activity Diagram//Customer/Activity Diagram - Cus
tomer - Edit Profil.png  used on input line 747.
(pdftex.def)             Requested size: 266.88611pt x 312.74849pt.


[46 <./uml//Activity Diagram//Karyawan/Activity Diagram - Karyawan - Broadcast 
Customer.png> <./uml//Activity Diagram//Customer/Activity Diagram - Customer - 
Riwayat Transaksi.png>]
<uml//Activity Diagram//Customer/Activity Diagram - Customer - Cek Pesanan.png,
 id=1167, 584.1825pt x 533.995pt>
File: uml//Activity Diagram//Customer/Activity Diagram - Customer - Cek Pesanan
.png Graphic file (type png)
<use uml//Activity Diagram//Customer/Activity Diagram - Customer - Cek Pesanan.
png>
Package pdftex.def Info: uml//Activity Diagram//Customer/Activity Diagram - Cus
tomer - Cek Pesanan.png  used on input line 755.
(pdftex.def)             Requested size: 266.88611pt x 243.96217pt.


[47 <./uml//Activity Diagram//Customer/Activity Diagram - Customer - Edit Profi
l.png> <./uml//Activity Diagram//Customer/Activity Diagram - Customer - Cek Pes
anan.png>]
<Class Diagram.png, id=1175, 762.85pt x 1015.795pt>
File: Class Diagram.png Graphic file (type png)
<use Class Diagram.png>
Package pdftex.def Info: Class Diagram.png  used on input line 768.
(pdftex.def)             Requested size: 298.75392pt x 397.80144pt.


[48 <./Class Diagram.png (PNG copy)>]
LaTeX Font Info:    Trying to load font information for TS1+ptm on input line 7
81.
 (D:\MikTex\tex/latex/psnfss\ts1ptm.fd
File: ts1ptm.fd 2001/06/04 font definitions for TS1/ptm.
)
Overfull \hbox (19.72078pt too wide) in alignment at lines 787--791
 [] [] [] [] [] 
 []


Overfull \hbox (19.72078pt too wide) in alignment at lines 791--793
 [] [] [] [] [] 
 []


Overfull \hbox (19.72078pt too wide) in alignment at lines 793--807
 [] [] [] [] [] 
 []


Overfull \hbox (19.72078pt too wide) in alignment at lines 819--823
 [] [] [] [] [] 
 []


Overfull \hbox (19.72078pt too wide) in alignment at lines 823--825
 [] [] [] [] [] 
 []


Overfull \hbox (19.72078pt too wide) in alignment at lines 825--831
 [] [] [] [] [] 
 []



[49]
Overfull \hbox (19.72078pt too wide) in alignment at lines 843--847
 [] [] [] [] [] 
 []


Overfull \hbox (19.72078pt too wide) in alignment at lines 847--849
 [] [] [] [] [] 
 []


Underfull \hbox (badness 1400) in paragraph at lines 851--851
[]|\OT1/ptm/m/n/10.95 Foreign Key ke users[]id se-ba-gai
 []


Underfull \hbox (badness 2521) in paragraph at lines 856--856
[]|\OT1/ptm/m/n/10.95 Status pem-ba-yaran: Belum Lu-
 []


Overfull \hbox (19.72078pt too wide) in alignment at lines 849--869
 [] [] [] [] [] 
 []


Overfull \hbox (19.72078pt too wide) in alignment at lines 881--885
 [] [] [] [] [] 
 []


Overfull \hbox (19.72078pt too wide) in alignment at lines 885--887
 [] [] [] [] [] 
 []


Overfull \hbox (19.72078pt too wide) in alignment at lines 887--895
 [] [] [] [] [] 
 []



[50]
Overfull \hbox (19.72078pt too wide) in alignment at lines 907--911
 [] [] [] [] [] 
 []


Overfull \hbox (19.72078pt too wide) in alignment at lines 911--913
 [] [] [] [] [] 
 []


Overfull \hbox (19.72078pt too wide) in alignment at lines 913--919
 [] [] [] [] [] 
 []


Overfull \hbox (19.72078pt too wide) in alignment at lines 931--935
 [] [] [] [] [] 
 []


Overfull \hbox (19.72078pt too wide) in alignment at lines 935--937
 [] [] [] [] [] 
 []


Overfull \hbox (19.72078pt too wide) in alignment at lines 937--944
 [] [] [] [] [] 
 []

[51]
Overfull \hbox (19.72078pt too wide) in alignment at lines 956--960
 [] [] [] [] [] 
 []


Overfull \hbox (19.72078pt too wide) in alignment at lines 960--962
 [] [] [] [] [] 
 []


Overfull \hbox (19.72078pt too wide) in alignment at lines 962--973
 [] [] [] [] [] 
 []

<Wireframe/Homepage.png, id=1199, 779.16093pt x 522.45187pt>
File: Wireframe/Homepage.png Graphic file (type png)
<use Wireframe/Homepage.png>
Package pdftex.def Info: Wireframe/Homepage.png  used on input line 987.
(pdftex.def)             Requested size: 298.75392pt x 200.31949pt.


[52]
<konten//Wireframe/Login.png, id=1206, 779.16093pt x 522.45187pt>
File: konten//Wireframe/Login.png Graphic file (type png)
<use konten//Wireframe/Login.png>
Package pdftex.def Info: konten//Wireframe/Login.png  used on input line 995.
(pdftex.def)             Requested size: 298.75392pt x 200.31949pt.
<konten//Wireframe/Admin - Dashboard.png, id=1207, 779.16093pt x 522.45187pt>
File: konten//Wireframe/Admin - Dashboard.png Graphic file (type png)
<use konten//Wireframe/Admin - Dashboard.png>
Package pdftex.def Info: konten//Wireframe/Admin - Dashboard.png  used on input
 line 1003.
(pdftex.def)             Requested size: 298.75392pt x 200.31949pt.


[53 <./Wireframe/Homepage.png> <./konten//Wireframe/Login.png>]
<konten//Wireframe/Admin - Data Karyawan.png, id=1216, 787.44188pt x 522.45187p
t>
File: konten//Wireframe/Admin - Data Karyawan.png Graphic file (type png)
<use konten//Wireframe/Admin - Data Karyawan.png>
Package pdftex.def Info: konten//Wireframe/Admin - Data Karyawan.png  used on i
nput line 1011.
(pdftex.def)             Requested size: 298.75392pt x 198.21489pt.
<konten//Wireframe/Admin - Tambah Data Karyawan.png, id=1217, 779.16093pt x 522
.45187pt>
File: konten//Wireframe/Admin - Tambah Data Karyawan.png Graphic file (type png
)
<use konten//Wireframe/Admin - Tambah Data Karyawan.png>
Package pdftex.def Info: konten//Wireframe/Admin - Tambah Data Karyawan.png  us
ed on input line 1019.
(pdftex.def)             Requested size: 298.75392pt x 200.31949pt.


[54 <./konten//Wireframe/Admin - Dashboard.png> <./konten//Wireframe/Admin - Da
ta Karyawan.png>]
<konten//Wireframe/Admin - Data Customer.png, id=1227, 779.16093pt x 522.45187p
t>
File: konten//Wireframe/Admin - Data Customer.png Graphic file (type png)
<use konten//Wireframe/Admin - Data Customer.png>
Package pdftex.def Info: konten//Wireframe/Admin - Data Customer.png  used on i
nput line 1027.
(pdftex.def)             Requested size: 298.75392pt x 200.31949pt.
<konten//Wireframe/Admin - Detail Data Customer.png, id=1228, 1087.06125pt x 52
2.45187pt>
File: konten//Wireframe/Admin - Detail Data Customer.png Graphic file (type png
)
<use konten//Wireframe/Admin - Detail Data Customer.png>
Package pdftex.def Info: konten//Wireframe/Admin - Detail Data Customer.png  us
ed on input line 1035.
(pdftex.def)             Requested size: 298.75392pt x 143.58302pt.


[55 <./konten//Wireframe/Admin - Tambah Data Karyawan.png> <./konten//Wireframe
/Admin - Data Customer.png>]
<konten//Wireframe/Admin - Data Transaksi.png, id=1237, 1087.06125pt x 522.4518
7pt>
File: konten//Wireframe/Admin - Data Transaksi.png Graphic file (type png)
<use konten//Wireframe/Admin - Data Transaksi.png>
Package pdftex.def Info: konten//Wireframe/Admin - Data Transaksi.png  used on 
input line 1043.
(pdftex.def)             Requested size: 298.75392pt x 143.58302pt.
<konten//Wireframe/Admin - Invoice Customer.png, id=1238, 1064.47687pt x 522.45
187pt>
File: konten//Wireframe/Admin - Invoice Customer.png Graphic file (type png)
<use konten//Wireframe/Admin - Invoice Customer.png>
Package pdftex.def Info: konten//Wireframe/Admin - Invoice Customer.png  used o
n input line 1051.
(pdftex.def)             Requested size: 298.75392pt x 146.62831pt.
<konten//Wireframe/Admin - Data Laporan Transaksi.png, id=1239, 779.16093pt x 5
22.45187pt>
File: konten//Wireframe/Admin - Data Laporan Transaksi.png Graphic file (type p
ng)
<use konten//Wireframe/Admin - Data Laporan Transaksi.png>
Package pdftex.def Info: konten//Wireframe/Admin - Data Laporan Transaksi.png  
used on input line 1059.
(pdftex.def)             Requested size: 298.75392pt x 200.31949pt.


[56 <./konten//Wireframe/Admin - Detail Data Customer.png> <./konten//Wireframe
/Admin - Data Transaksi.png> <./konten//Wireframe/Admin - Invoice Customer.png>
]
<konten//Wireframe/Admin - Data Harga Laundry.png, id=1250, 898.85812pt x 522.4
5187pt>
File: konten//Wireframe/Admin - Data Harga Laundry.png Graphic file (type png)
<use konten//Wireframe/Admin - Data Harga Laundry.png>
Package pdftex.def Info: konten//Wireframe/Admin - Data Harga Laundry.png  used
 on input line 1067.
(pdftex.def)             Requested size: 298.75392pt x 173.6453pt.
<konten//Wireframe/Admin - Edit Harga Laundry.png, id=1251, 898.85812pt x 522.4
5187pt>
File: konten//Wireframe/Admin - Edit Harga Laundry.png Graphic file (type png)
<use konten//Wireframe/Admin - Edit Harga Laundry.png>
Package pdftex.def Info: konten//Wireframe/Admin - Edit Harga Laundry.png  used
 on input line 1075.
(pdftex.def)             Requested size: 298.75392pt x 173.6453pt.


[57 <./konten//Wireframe/Admin - Data Laporan Transaksi.png> <./konten//Wirefra
me/Admin - Data Harga Laundry.png>]
<konten//Wireframe/Admin - Hapus Harga Laundry.png, id=1260, 898.85812pt x 522.
45187pt>
File: konten//Wireframe/Admin - Hapus Harga Laundry.png Graphic file (type png)

<use konten//Wireframe/Admin - Hapus Harga Laundry.png>
Package pdftex.def Info: konten//Wireframe/Admin - Hapus Harga Laundry.png  use
d on input line 1083.
(pdftex.def)             Requested size: 298.75392pt x 173.6453pt.
<konten//Wireframe/Admin - Edit Profil.png, id=1261, 937.25156pt x 522.45187pt>

File: konten//Wireframe/Admin - Edit Profil.png Graphic file (type png)
<use konten//Wireframe/Admin - Edit Profil.png>
Package pdftex.def Info: konten//Wireframe/Admin - Edit Profil.png  used on inp
ut line 1091.
(pdftex.def)             Requested size: 298.75392pt x 166.5343pt.


[58 <./konten//Wireframe/Admin - Edit Harga Laundry.png> <./konten//Wireframe/A
dmin - Hapus Harga Laundry.png>]
<Wireframe/Admin - Pengaturan Web.png, id=1270, 898.85812pt x 522.45187pt>
File: Wireframe/Admin - Pengaturan Web.png Graphic file (type png)
<use Wireframe/Admin - Pengaturan Web.png>
Package pdftex.def Info: Wireframe/Admin - Pengaturan Web.png  used on input li
ne 1099.
(pdftex.def)             Requested size: 298.75392pt x 173.6453pt.
<konten//Wireframe/Karyawan - Dashboard.png, id=1271, 779.16093pt x 522.45187pt
>
File: konten//Wireframe/Karyawan - Dashboard.png Graphic file (type png)
<use konten//Wireframe/Karyawan - Dashboard.png>
Package pdftex.def Info: konten//Wireframe/Karyawan - Dashboard.png  used on in
put line 1107.
(pdftex.def)             Requested size: 298.75392pt x 200.31949pt.


[59 <./konten//Wireframe/Admin - Edit Profil.png> <./Wireframe/Admin - Pengatur
an Web.png>]
<konten//Wireframe/Karyawan - Order.png, id=1280, 871.00406pt x 522.45187pt>
File: konten//Wireframe/Karyawan - Order.png Graphic file (type png)
<use konten//Wireframe/Karyawan - Order.png>
Package pdftex.def Info: konten//Wireframe/Karyawan - Order.png  used on input 
line 1115.
(pdftex.def)             Requested size: 298.75392pt x 179.19379pt.
<Wireframe/Karyawan - Data Customer.png, id=1281, 779.16093pt x 522.45187pt>
File: Wireframe/Karyawan - Data Customer.png Graphic file (type png)
<use Wireframe/Karyawan - Data Customer.png>
Package pdftex.def Info: Wireframe/Karyawan - Data Customer.png  used on input 
line 1123.
(pdftex.def)             Requested size: 298.75392pt x 200.31949pt.


[60 <./konten//Wireframe/Karyawan - Dashboard.png> <./konten//Wireframe/Karyawa
n - Order.png>]
<konten//Wireframe/Karyawan - Tambah Customer.png, id=1291, 779.16093pt x 522.4
5187pt>
File: konten//Wireframe/Karyawan - Tambah Customer.png Graphic file (type png)
<use konten//Wireframe/Karyawan - Tambah Customer.png>
Package pdftex.def Info: konten//Wireframe/Karyawan - Tambah Customer.png  used
 on input line 1131.
(pdftex.def)             Requested size: 298.75392pt x 200.31949pt.
<Wireframe/Karyawan - Tambah Order Baru.png, id=1292, 779.16093pt x 522.45187pt
>
File: Wireframe/Karyawan - Tambah Order Baru.png Graphic file (type png)
<use Wireframe/Karyawan - Tambah Order Baru.png>
Package pdftex.def Info: Wireframe/Karyawan - Tambah Order Baru.png  used on in
put line 1139.
(pdftex.def)             Requested size: 298.75392pt x 200.31949pt.


[61 <./Wireframe/Karyawan - Data Customer.png> <./konten//Wireframe/Karyawan - 
Tambah Customer.png>]
<Wireframe/Karyawan - Invoice.png, id=1301, 779.16093pt x 522.45187pt>
File: Wireframe/Karyawan - Invoice.png Graphic file (type png)
<use Wireframe/Karyawan - Invoice.png>
Package pdftex.def Info: Wireframe/Karyawan - Invoice.png  used on input line 1
147.
(pdftex.def)             Requested size: 298.75392pt x 200.31949pt.
<Wireframe/Karyawan - Broadcast Customer.png, id=1302, 779.16093pt x 522.45187p
t>
File: Wireframe/Karyawan - Broadcast Customer.png Graphic file (type png)
<use Wireframe/Karyawan - Broadcast Customer.png>
Package pdftex.def Info: Wireframe/Karyawan - Broadcast Customer.png  used on i
nput line 1155.
(pdftex.def)             Requested size: 298.75392pt x 200.31949pt.


[62 <./Wireframe/Karyawan - Tambah Order Baru.png> <./Wireframe/Karyawan - Invo
ice.png>]
<Wireframe/Karyawan - Laporan Laundry.png, id=1311, 871.00406pt x 522.45187pt>
File: Wireframe/Karyawan - Laporan Laundry.png Graphic file (type png)
<use Wireframe/Karyawan - Laporan Laundry.png>
Package pdftex.def Info: Wireframe/Karyawan - Laporan Laundry.png  used on inpu
t line 1163.
(pdftex.def)             Requested size: 298.75392pt x 179.19379pt.
<Wireframe/Karyawan - Edit Profil.png, id=1312, 871.00406pt x 595.47469pt>
File: Wireframe/Karyawan - Edit Profil.png Graphic file (type png)
<use Wireframe/Karyawan - Edit Profil.png>
Package pdftex.def Info: Wireframe/Karyawan - Edit Profil.png  used on input li
ne 1171.
(pdftex.def)             Requested size: 298.75392pt x 204.23961pt.


[63 <./Wireframe/Karyawan - Broadcast Customer.png> <./Wireframe/Karyawan - Lap
oran Laundry.png>]
<Wireframe/Customer - Dashboard.png, id=1321, 802.49812pt x 522.45187pt>
File: Wireframe/Customer - Dashboard.png Graphic file (type png)
<use Wireframe/Customer - Dashboard.png>
Package pdftex.def Info: Wireframe/Customer - Dashboard.png  used on input line
 1179.
(pdftex.def)             Requested size: 298.75392pt x 194.49995pt.
<Wireframe/Customer - Edit Profil.png, id=1322, 871.00406pt x 595.47469pt>
File: Wireframe/Customer - Edit Profil.png Graphic file (type png)
<use Wireframe/Customer - Edit Profil.png>
Package pdftex.def Info: Wireframe/Customer - Edit Profil.png  used on input li
ne 1187.
(pdftex.def)             Requested size: 298.75392pt x 204.23961pt.


[64 <./Wireframe/Karyawan - Edit Profil.png> <./Wireframe/Customer - Dashboard.
png>]
<Wireframe/Customer - Cek Status Pesanan.png, id=1331, 779.16093pt x 522.45187p
t>
File: Wireframe/Customer - Cek Status Pesanan.png Graphic file (type png)
<use Wireframe/Customer - Cek Status Pesanan.png>
Package pdftex.def Info: Wireframe/Customer - Cek Status Pesanan.png  used on i
nput line 1195.
(pdftex.def)             Requested size: 298.75392pt x 200.31949pt.
<Implementasi/Homepage.png, id=1332, 1444.64719pt x 723.45282pt>
File: Implementasi/Homepage.png Graphic file (type png)
<use Implementasi/Homepage.png>
Package pdftex.def Info: Implementasi/Homepage.png  used on input line 1208.
(pdftex.def)             Requested size: 298.75392pt x 149.61139pt.


[65 <./Wireframe/Customer - Edit Profil.png> <./Wireframe/Customer - Cek Status
 Pesanan.png>]
<Implementasi/Login.png, id=1341, 1444.64719pt x 718.18312pt>
File: Implementasi/Login.png Graphic file (type png)
<use Implementasi/Login.png>
Package pdftex.def Info: Implementasi/Login.png  used on input line 1216.
(pdftex.def)             Requested size: 298.75392pt x 148.5216pt.
<Implementasi/Admin/Admin - Dashboard.png, id=1342, 1444.64719pt x 715.17188pt>

File: Implementasi/Admin/Admin - Dashboard.png Graphic file (type png)
<use Implementasi/Admin/Admin - Dashboard.png>
Package pdftex.def Info: Implementasi/Admin/Admin - Dashboard.png  used on inpu
t line 1224.
(pdftex.def)             Requested size: 298.75392pt x 147.89886pt.


[66 <./Implementasi/Homepage.png> <./Implementasi/Login.png> <./Implementasi/Ad
min/Admin - Dashboard.png>]
<Implementasi/Admin/Admin - Data karyawan.png, id=1353, 1444.64719pt x 715.9246
8pt>
File: Implementasi/Admin/Admin - Data karyawan.png Graphic file (type png)
<use Implementasi/Admin/Admin - Data karyawan.png>
Package pdftex.def Info: Implementasi/Admin/Admin - Data karyawan.png  used on 
input line 1232.
(pdftex.def)             Requested size: 298.75392pt x 148.05455pt.
<Implementasi/Admin/Admin - tambah karyawan baru.png, id=1354, 1444.64719pt x 7
18.18312pt>
File: Implementasi/Admin/Admin - tambah karyawan baru.png Graphic file (type pn
g)
<use Implementasi/Admin/Admin - tambah karyawan baru.png>
Package pdftex.def Info: Implementasi/Admin/Admin - tambah karyawan baru.png  u
sed on input line 1240.
(pdftex.def)             Requested size: 298.75392pt x 148.5216pt.

Underfull \hbox (badness 1902) in paragraph at lines 1237--1242
[]\OT1/ptm/m/n/12 Berikut adalah im-ple-men-tasi dari per-an-can-gan ha-la-man 
tam-bah data
 []

<Implementasi/Admin/Admin - data customer.png, id=1355, 1444.64719pt x 718.1831
2pt>
File: Implementasi/Admin/Admin - data customer.png Graphic file (type png)
<use Implementasi/Admin/Admin - data customer.png>
Package pdftex.def Info: Implementasi/Admin/Admin - data customer.png  used on 
input line 1248.
(pdftex.def)             Requested size: 298.75392pt x 148.5216pt.


[67 <./Implementasi/Admin/Admin - Data karyawan.png> <./Implementasi/Admin/Admi
n - tambah karyawan baru.png>]
<Implementasi/Admin/Admin - detail data customer.png, id=1365, 1444.64719pt x 7
11.4078pt>
File: Implementasi/Admin/Admin - detail data customer.png Graphic file (type pn
g)
<use Implementasi/Admin/Admin - detail data customer.png>
Package pdftex.def Info: Implementasi/Admin/Admin - detail data customer.png  u
sed on input line 1256.
(pdftex.def)             Requested size: 298.75392pt x 147.12045pt.
<Implementasi/Admin/Admin - data transaksi.png, id=1366, 1444.64719pt x 715.924
68pt>
File: Implementasi/Admin/Admin - data transaksi.png Graphic file (type png)
<use Implementasi/Admin/Admin - data transaksi.png>
Package pdftex.def Info: Implementasi/Admin/Admin - data transaksi.png  used on
 input line 1264.
(pdftex.def)             Requested size: 298.75392pt x 148.05455pt.


[68 <./Implementasi/Admin/Admin - data customer.png> <./Implementasi/Admin/Admi
n - detail data customer.png> <./Implementasi/Admin/Admin - data transaksi.png>
]
<Implementasi/Admin/Admin - invoice customer.png, id=1376, 1444.64719pt x 720.4
4156pt>
File: Implementasi/Admin/Admin - invoice customer.png Graphic file (type png)
<use Implementasi/Admin/Admin - invoice customer.png>
Package pdftex.def Info: Implementasi/Admin/Admin - invoice customer.png  used 
on input line 1272.
(pdftex.def)             Requested size: 298.75392pt x 148.98865pt.
<Implementasi/Admin/Admin - laporan.png, id=1377, 1443.14156pt x 717.43031pt>
File: Implementasi/Admin/Admin - laporan.png Graphic file (type png)
<use Implementasi/Admin/Admin - laporan.png>
Package pdftex.def Info: Implementasi/Admin/Admin - laporan.png  used on input 
line 1280.
(pdftex.def)             Requested size: 298.75392pt x 148.51918pt.
<Implementasi/Admin/Admin - data harga laundry.png, id=1378, 1443.89438pt x 718
.93594pt>
File: Implementasi/Admin/Admin - data harga laundry.png Graphic file (type png)

<use Implementasi/Admin/Admin - data harga laundry.png>
Package pdftex.def Info: Implementasi/Admin/Admin - data harga laundry.png  use
d on input line 1288.
(pdftex.def)             Requested size: 298.75392pt x 148.75407pt.


[69 <./Implementasi/Admin/Admin - invoice customer.png> <./Implementasi/Admin/A
dmin - laporan.png>]
<Implementasi/Admin/Admin - edit harga laundry.png, id=1388, 1444.64719pt x 717
.43031pt>
File: Implementasi/Admin/Admin - edit harga laundry.png Graphic file (type png)

<use Implementasi/Admin/Admin - edit harga laundry.png>
Package pdftex.def Info: Implementasi/Admin/Admin - edit harga laundry.png  use
d on input line 1296.
(pdftex.def)             Requested size: 298.75392pt x 148.36592pt.
<Implementasi/Admin/Admin - hapus harga laundry.png, id=1389, 1444.64719pt x 72
4.20563pt>
File: Implementasi/Admin/Admin - hapus harga laundry.png Graphic file (type png
)
<use Implementasi/Admin/Admin - hapus harga laundry.png>
Package pdftex.def Info: Implementasi/Admin/Admin - hapus harga laundry.png  us
ed on input line 1304.
(pdftex.def)             Requested size: 298.75392pt x 149.76706pt.


[70 <./Implementasi/Admin/Admin - data harga laundry.png> <./Implementasi/Admin
/Admin - edit harga laundry.png> <./Implementasi/Admin/Admin - hapus harga laun
dry.png>]
<Implementasi/Admin/Admin - edit profil.png, id=1399, 1444.64719pt x 723.45282p
t>
File: Implementasi/Admin/Admin - edit profil.png Graphic file (type png)
<use Implementasi/Admin/Admin - edit profil.png>
Package pdftex.def Info: Implementasi/Admin/Admin - edit profil.png  used on in
put line 1312.
(pdftex.def)             Requested size: 298.75392pt x 149.61139pt.
<Implementasi/Admin/Admin - pengaturan web.png, id=1400, 1444.64719pt x 715.924
68pt>
File: Implementasi/Admin/Admin - pengaturan web.png Graphic file (type png)
<use Implementasi/Admin/Admin - pengaturan web.png>
Package pdftex.def Info: Implementasi/Admin/Admin - pengaturan web.png  used on
 input line 1320.
(pdftex.def)             Requested size: 298.75392pt x 148.05455pt.
<Implementasi/Karyawan/Karyawan - Dashboard.png, id=1401, 1444.64719pt x 712.91
344pt>
File: Implementasi/Karyawan/Karyawan - Dashboard.png Graphic file (type png)
<use Implementasi/Karyawan/Karyawan - Dashboard.png>
Package pdftex.def Info: Implementasi/Karyawan/Karyawan - Dashboard.png  used o
n input line 1328.
(pdftex.def)             Requested size: 298.75392pt x 147.43182pt.


[71 <./Implementasi/Admin/Admin - edit profil.png> <./Implementasi/Admin/Admin 
- pengaturan web.png>]
<Implementasi/Karyawan/Karyawan - Data Order.png, id=1411, 1444.64719pt x 717.4
3031pt>
File: Implementasi/Karyawan/Karyawan - Data Order.png Graphic file (type png)
<use Implementasi/Karyawan/Karyawan - Data Order.png>
Package pdftex.def Info: Implementasi/Karyawan/Karyawan - Data Order.png  used 
on input line 1336.
(pdftex.def)             Requested size: 298.75392pt x 148.36592pt.

Underfull \hbox (badness 2384) in paragraph at lines 1333--1338
[]\OT1/ptm/m/n/12 Berikut adalah im-ple-men-tasi dari per-an-can-gan ha-la-man 
or-der un-tuk
 []

<Implementasi/Karyawan/Karyawan - Data Customer.png, id=1412, 1444.64719pt x 71
8.18312pt>
File: Implementasi/Karyawan/Karyawan - Data Customer.png Graphic file (type png
)
<use Implementasi/Karyawan/Karyawan - Data Customer.png>
Package pdftex.def Info: Implementasi/Karyawan/Karyawan - Data Customer.png  us
ed on input line 1344.
(pdftex.def)             Requested size: 298.75392pt x 148.5216pt.


[72 <./Implementasi/Karyawan/Karyawan - Dashboard.png> <./Implementasi/Karyawan
/Karyawan - Data Order.png>]
<Implementasi/Karyawan/Karyawan - Tambah Customer Baru.png, id=1422, 1444.64719
pt x 715.92468pt>
File: Implementasi/Karyawan/Karyawan - Tambah Customer Baru.png Graphic file (t
ype png)
<use Implementasi/Karyawan/Karyawan - Tambah Customer Baru.png>
Package pdftex.def Info: Implementasi/Karyawan/Karyawan - Tambah Customer Baru.
png  used on input line 1352.
(pdftex.def)             Requested size: 298.75392pt x 148.05455pt.
<Implementasi/Karyawan/Karyawan - Order Baru.png, id=1423, 1444.64719pt x 718.9
3594pt>
File: Implementasi/Karyawan/Karyawan - Order Baru.png Graphic file (type png)
<use Implementasi/Karyawan/Karyawan - Order Baru.png>
Package pdftex.def Info: Implementasi/Karyawan/Karyawan - Order Baru.png  used 
on input line 1360.
(pdftex.def)             Requested size: 298.75392pt x 148.67729pt.


[73 <./Implementasi/Karyawan/Karyawan - Data Customer.png> <./Implementasi/Kary
awan/Karyawan - Tambah Customer Baru.png>]
<Implementasi/Karyawan/Karyawan - Invoice Customer.png, id=1432, 1444.64719pt x
 709.90219pt>
File: Implementasi/Karyawan/Karyawan - Invoice Customer.png Graphic file (type 
png)
<use Implementasi/Karyawan/Karyawan - Invoice Customer.png>
Package pdftex.def Info: Implementasi/Karyawan/Karyawan - Invoice Customer.png 
 used on input line 1368.
(pdftex.def)             Requested size: 298.75392pt x 146.80908pt.
<Implementasi/Karyawan/Karyawan - Broadcast Customer.png, id=1433, 1444.64719pt
 x 717.43031pt>
File: Implementasi/Karyawan/Karyawan - Broadcast Customer.png Graphic file (typ
e png)
<use Implementasi/Karyawan/Karyawan - Broadcast Customer.png>
Package pdftex.def Info: Implementasi/Karyawan/Karyawan - Broadcast Customer.pn
g  used on input line 1376.
(pdftex.def)             Requested size: 298.75392pt x 148.36592pt.


[74 <./Implementasi/Karyawan/Karyawan - Order Baru.png> <./Implementasi/Karyawa
n/Karyawan - Invoice Customer.png>]
<Implementasi/Karyawan/Karyawan - Laporan Laundry.png, id=1442, 1444.64719pt x 
715.92468pt>
File: Implementasi/Karyawan/Karyawan - Laporan Laundry.png Graphic file (type p
ng)
<use Implementasi/Karyawan/Karyawan - Laporan Laundry.png>
Package pdftex.def Info: Implementasi/Karyawan/Karyawan - Laporan Laundry.png  
used on input line 1384.
(pdftex.def)             Requested size: 298.75392pt x 148.05455pt.
<Implementasi/Karyawan/Karyawan - Edit Profil.png, id=1443, 1443.89438pt x 716.
6775pt>
File: Implementasi/Karyawan/Karyawan - Edit Profil.png Graphic file (type png)
<use Implementasi/Karyawan/Karyawan - Edit Profil.png>
Package pdftex.def Info: Implementasi/Karyawan/Karyawan - Edit Profil.png  used
 on input line 1392.
(pdftex.def)             Requested size: 298.75392pt x 148.28679pt.


[75 <./Implementasi/Karyawan/Karyawan - Broadcast Customer.png> <./Implementasi
/Karyawan/Karyawan - Laporan Laundry.png>]
<Implementasi/Customer/Customer - Dashboard.png, id=1452, 1441.63594pt x 715.17
188pt>
File: Implementasi/Customer/Customer - Dashboard.png Graphic file (type png)
<use Implementasi/Customer/Customer - Dashboard.png>
Package pdftex.def Info: Implementasi/Customer/Customer - Dashboard.png  used o
n input line 1400.
(pdftex.def)             Requested size: 298.75392pt x 148.20442pt.
<Implementasi/Customer/Customer - Edit Profil.png, id=1453, 1444.64719pt x 715.
92468pt>
File: Implementasi/Customer/Customer - Edit Profil.png Graphic file (type png)
<use Implementasi/Customer/Customer - Edit Profil.png>
Package pdftex.def Info: Implementasi/Customer/Customer - Edit Profil.png  used
 on input line 1408.
(pdftex.def)             Requested size: 298.75392pt x 148.05455pt.


[76 <./Implementasi/Karyawan/Karyawan - Edit Profil.png> <./Implementasi/Custom
er/Customer - Dashboard.png> <./Implementasi/Customer/Customer - Edit Profil.pn
g>]
<Implementasi/Customer/Customer - Cek Status.png, id=1463, 1444.64719pt x 714.4
1907pt>
File: Implementasi/Customer/Customer - Cek Status.png Graphic file (type png)
<use Implementasi/Customer/Customer - Cek Status.png>
Package pdftex.def Info: Implementasi/Customer/Customer - Cek Status.png  used 
on input line 1416.
(pdftex.def)             Requested size: 298.75392pt x 147.7432pt.
)

[77 <./Implementasi/Customer/Customer - Cek Status.png>]
\openout2 = `konten/bab5.aux'.

 (konten/bab5.tex
BAB 5.
)

[78




]
No file kerjapraktek.bbl.
(halamanbelakang/lampiranSemua.tex
\openout2 = `halamanbelakang/lampiranA.aux'.

 (halamanbelakang/lampiranA.tex
LAMPIRAN A.
)

[0




]
\openout2 = `halamanbelakang/lampiranB.aux'.

 (halamanbelakang/lampiranB.tex
LAMPIRAN B.
)

[1




]
\openout2 = `halamanbelakang/lampiranC.aux'.

 (halamanbelakang/lampiranC.tex
LAMPIRAN C.
)

[1




]
\openout2 = `halamanbelakang/lampiranD.aux'.

 (halamanbelakang/lampiranD.tex
LAMPIRAN D.
)

[1




])
\openout2 = `halamanbelakang/daftarRiwayatHidup.aux'.


No file halamanbelakang/daftarRiwayatHidup.tex.
(kerjapraktek.aux (kontrol/cover.aux) (kontrol/lembarPengesahanInstansi.aux)
(kontrol/lembarPengesahanProdi.aux) (halamandepan/kataPengantar.aux)
(halamandepan/abstrak.aux) (halamandepan/abstrakInggris.aux) (konten/bab1.aux)
(konten/bab2.aux) (konten/bab3.aux) (konten/bab4.aux) (konten/bab5.aux)
(halamanbelakang/lampiranA.aux) (halamanbelakang/lampiranB.aux)
(halamanbelakang/lampiranC.aux) (halamanbelakang/lampiranD.aux)
(halamanbelakang/daftarRiwayatHidup.aux))
 ***********
LaTeX2e <2024-11-01>
L3 programming layer <2024-11-02>
 ***********


LaTeX Warning: There were undefined references.


LaTeX Warning: There were multiply-defined labels.

Package rerunfilecheck Info: File `kerjapraktek.out' has not changed.
(rerunfilecheck)             Checksum: B872A396F9FF48CDCC3B55C6DA4A40C2;10330.
 ) 
Here is how much of TeX's memory you used:
 17668 strings out of 473682
 310454 string characters out of 5735767
 795056 words of memory out of 5000000
 39910 multiletter control sequences out of 15000+600000
 607665 words of font info for 131 fonts, out of 8000000 for 9000
 1141 hyphenation exceptions out of 8191
 94i,15n,107p,1038b,799s stack positions out of 10000i,1000n,20000p,200000b,200000s

pdfTeX warning (dest): name{cite.sulaeman2019semua} has been referenced but doe
s not exist, replaced by a fixed one


pdfTeX warning (dest): name{cite.yulisman2020aplikasi} has been referenced but 
does not exist, replaced by a fixed one


pdfTeX warning (dest): name{cite.mubarak2019rancang} has been referenced but do
es not exist, replaced by a fixed one


pdfTeX warning (dest): name{cite.Ahmad2022} has been referenced but does not ex
ist, replaced by a fixed one


pdfTeX warning (dest): name{cite.novendri2019aplikasi} has been referenced but 
does not exist, replaced by a fixed one


pdfTeX warning (dest): name{cite.arimbi2022rancangan} has been referenced but d
oes not exist, replaced by a fixed one


pdfTeX warning (dest): name{cite.faizah2022rancang} has been referenced but doe
s not exist, replaced by a fixed one


pdfTeX warning (dest): name{cite.Abney2021} has been referenced but does not ex
ist, replaced by a fixed one


pdfTeX warning (dest): name{cite.North2020Washing} has been referenced but does
 not exist, replaced by a fixed one


pdfTeX warning (dest): name{cite.fernandes2019perancangan} has been referenced 
but does not exist, replaced by a fixed one


pdfTeX warning (dest): name{cite.agustin2018sistem} has been referenced but doe
s not exist, replaced by a fixed one


pdfTeX warning (dest): name{cite.harsinta2020perancangan} has been referenced b
ut does not exist, replaced by a fixed one


pdfTeX warning (dest): name{cite.harto2019optimalisasi} has been referenced but
 does not exist, replaced by a fixed one


pdfTeX warning (dest): name{cite.Wibowo2022} has been referenced but does not e
xist, replaced by a fixed one


pdfTeX warning (dest): name{cite.Ropianto2022} has been referenced but does not
 exist, replaced by a fixed one


pdfTeX warning (dest): name{cite.Pradana2024} has been referenced but does not 
exist, replaced by a fixed one


pdfTeX warning (dest): name{cite.Sari2022} has been referenced but does not exi
st, replaced by a fixed one

<D:/MikTex/fonts/type1/urw/times/utmb8a.pfb><D:/MikTex/fonts/type1/urw/times/ut
mbi8a.pfb><D:/MikTex/fonts/type1/urw/times/utmr8a.pfb><D:/MikTex/fonts/type1/ur
w/times/utmri8a.pfb>
Output written on kerjapraktek.pdf (95 pages, 7794893 bytes).
PDF statistics:
 1606 PDF objects out of 1728 (max. 8388607)
 439 named destinations out of 1000 (max. 500000)
 986 words of extra memory for PDF output out of 10000 (max. 10000000)

