\BOOKMARK [0][-]{section*.1}{\376\377\000L\000E\000M\000B\000A\000R\000\040\000P\000E\000N\000G\000E\000S\000A\000H\000A\000N\000\040\000I\000N\000S\000T\000A\000N\000S\000I}{}% 1
\BOOKMARK [0][-]{section*.3}{\376\377\000L\000E\000M\000B\000A\000R\000\040\000P\000E\000N\000G\000E\000S\000A\000H\000A\000N\000\040\000P\000R\000O\000G\000R\000A\000M\000\040\000S\000T\000U\000D\000I}{}% 2
\BOOKMARK [0][-]{section*.5}{\376\377\000K\000A\000T\000A\000\040\000P\000E\000N\000G\000A\000N\000T\000A\000R}{}% 3
\BOOKMARK [0][-]{section*.8}{\376\377\000A\000B\000S\000T\000R\000A\000K}{}% 4
\BOOKMARK [0][-]{section*.9}{\376\377\000A\000B\000S\000T\000R\000A\000C\000T}{}% 5
\BOOKMARK [0][-]{chapter*.11}{\376\377\000D\000A\000F\000T\000A\000R\000\040\000I\000S\000I}{}% 6
\BOOKMARK [0][-]{chapter*.13}{\376\377\000D\000A\000F\000T\000A\000R\000\040\000G\000A\000M\000B\000A\000R}{}% 7
\BOOKMARK [0][-]{chapter*.15}{\376\377\000D\000A\000F\000T\000A\000R\000\040\000T\000A\000B\000E\000L}{}% 8
\BOOKMARK [0][-]{chapter.1}{\376\377\0001\000\040\000P\000E\000N\000D\000A\000H\000U\000L\000U\000A\000N}{}% 9
\BOOKMARK [1][-]{section.1.1}{\376\377\0001\000.\0001\000\040\000L\000a\000t\000a\000r\000\040\000B\000e\000l\000a\000k\000a\000n\000g}{chapter.1}% 10
\BOOKMARK [1][-]{section.1.2}{\376\377\0001\000.\0002\000\040\000R\000u\000m\000u\000s\000a\000n\000\040\000M\000a\000s\000a\000l\000a\000h}{chapter.1}% 11
\BOOKMARK [1][-]{section.1.3}{\376\377\0001\000.\0003\000\040\000B\000a\000t\000a\000s\000a\000n\000\040\000M\000a\000s\000a\000l\000a\000h}{chapter.1}% 12
\BOOKMARK [1][-]{section.1.4}{\376\377\0001\000.\0004\000\040\000T\000u\000j\000u\000a\000n}{chapter.1}% 13
\BOOKMARK [1][-]{section.1.5}{\376\377\0001\000.\0005\000\040\000M\000a\000n\000f\000a\000a\000t}{chapter.1}% 14
\BOOKMARK [1][-]{section.1.6}{\376\377\0001\000.\0006\000\040\000S\000i\000s\000t\000e\000m\000a\000t\000i\000k\000a\000\040\000P\000e\000n\000u\000l\000i\000s\000a\000n}{chapter.1}% 15
\BOOKMARK [0][-]{chapter.2}{\376\377\0002\000\040\000L\000A\000N\000D\000A\000S\000A\000N\000\040\000T\000E\000O\000R\000I}{}% 16
\BOOKMARK [1][-]{section.2.1}{\376\377\0002\000.\0001\000\040\000P\000r\000o\000f\000i\000l\000\040\000I\000n\000s\000t\000a\000n\000s\000i}{chapter.2}% 17
\BOOKMARK [2][-]{subsection.2.1.1}{\376\377\0002\000.\0001\000.\0001\000\040\000S\000e\000j\000a\000r\000a\000h}{section.2.1}% 18
\BOOKMARK [2][-]{subsection.2.1.2}{\376\377\0002\000.\0001\000.\0002\000\040\000V\000i\000s\000i}{section.2.1}% 19
\BOOKMARK [2][-]{subsection.2.1.3}{\376\377\0002\000.\0001\000.\0003\000\040\000M\000i\000s\000i}{section.2.1}% 20
\BOOKMARK [2][-]{subsection.2.1.4}{\376\377\0002\000.\0001\000.\0004\000\040\000S\000t\000r\000u\000k\000t\000u\000r\000\040\000O\000r\000g\000a\000n\000i\000s\000a\000s\000i}{section.2.1}% 21
\BOOKMARK [1][-]{section.2.2}{\376\377\0002\000.\0002\000\040\000S\000i\000s\000t\000e\000m}{chapter.2}% 22
\BOOKMARK [1][-]{section.2.3}{\376\377\0002\000.\0003\000\040\000I\000n\000f\000o\000r\000m\000a\000s\000i}{chapter.2}% 23
\BOOKMARK [1][-]{section.2.4}{\376\377\0002\000.\0004\000\040\000S\000i\000s\000t\000e\000m\000\040\000I\000n\000f\000o\000r\000m\000a\000s\000i}{chapter.2}% 24
\BOOKMARK [1][-]{section.2.5}{\376\377\0002\000.\0005\000\040\000L\000a\000u\000n\000d\000r\000y}{chapter.2}% 25
\BOOKMARK [1][-]{section.2.6}{\376\377\0002\000.\0006\000\040\000M\000o\000d\000e\000l\000\040\000A\000i\000r\000\040\000T\000e\000r\000j\000u\000n\000\040\000\050\000W\000a\000t\000e\000r\000f\000a\000l\000l\000\051}{chapter.2}% 26
\BOOKMARK [1][-]{section.2.7}{\376\377\0002\000.\0007\000\040\000M\000o\000d\000e\000l\000\040\000P\000e\000r\000a\000n\000c\000a\000n\000g\000a\000n\000\040\000O\000b\000j\000e\000c\000t\000\040\000O\000r\000i\000e\000n\000t\000e\000d\000\040\000A\000n\000a\000l\000y\000s\000i\000s\000\040\000D\000e\000s\000i\000g\000n\000\040\000\050\000O\000O\000A\000D\000\051\000\040}{chapter.2}% 27
\BOOKMARK [1][-]{section.2.8}{\376\377\0002\000.\0008\000\040\000U\000n\000i\000f\000i\000e\000d\000\040\000M\000o\000d\000e\000l\000l\000i\000n\000g\000\040\000L\000a\000n\000g\000u\000a\000g\000e\000\040\000\050\000U\000M\000L\000\051}{chapter.2}% 28
\BOOKMARK [2][-]{subsection.2.8.1}{\376\377\0002\000.\0008\000.\0001\000\040\000D\000i\000a\000g\000r\000a\000m\000\040\000U\000M\000L\000\040\000Y\000a\000n\000g\000\040\000D\000i\000g\000u\000n\000a\000k\000a\000n}{section.2.8}% 29
\BOOKMARK [1][-]{section.2.9}{\376\377\0002\000.\0009\000\040\000M\000y\000S\000Q\000L}{chapter.2}% 30
\BOOKMARK [1][-]{section.2.10}{\376\377\0002\000.\0001\0000\000\040\000P\000H\000P}{chapter.2}% 31
\BOOKMARK [1][-]{section.2.11}{\376\377\0002\000.\0001\0001\000\040\000L\000a\000r\000a\000v\000e\000l}{chapter.2}% 32
\BOOKMARK [0][-]{chapter.3}{\376\377\0003\000\040\000T\000U\000G\000A\000S\000\040\000K\000E\000R\000J\000A\000\040\000P\000R\000A\000K\000T\000E\000K}{}% 33
\BOOKMARK [1][-]{section.3.1}{\376\377\0003\000.\0001\000\040\000W\000a\000k\000t\000u\000\040\000d\000a\000n\000\040\000T\000e\000m\000p\000a\000t\000\040\000P\000e\000l\000a\000k\000s\000a\000a\000n\000\040\000K\000e\000r\000j\000a\000\040\000P\000r\000a\000k\000t\000e\000k}{chapter.3}% 34
\BOOKMARK [2][-]{subsection.3.1.1}{\376\377\0003\000.\0001\000.\0001\000\040\000J\000a\000d\000w\000a\000l\000\040\000K\000e\000r\000j\000a\000\040\000P\000r\000a\000k\000t\000e\000k}{section.3.1}% 35
\BOOKMARK [2][-]{subsection.3.1.2}{\376\377\0003\000.\0001\000.\0002\000\040\000U\000r\000a\000i\000a\000n\000\040\000K\000e\000r\000j\000a\000\040\000P\000r\000a\000k\000t\000e\000k}{section.3.1}% 36
\BOOKMARK [1][-]{section.3.2}{\376\377\0003\000.\0002\000\040\000M\000e\000t\000o\000d\000o\000l\000o\000g\000i\000\040\000K\000e\000r\000j\000a\000\040\000P\000r\000a\000k\000t\000e\000k}{chapter.3}% 37
\BOOKMARK [2][-]{subsection.3.2.1}{\376\377\0003\000.\0002\000.\0001\000\040\000T\000a\000h\000a\000p\000\040\000P\000e\000r\000e\000n\000c\000a\000n\000a\000a\000n\000\040}{section.3.2}% 38
\BOOKMARK [2][-]{subsection.3.2.2}{\376\377\0003\000.\0002\000.\0002\000\040\000T\000a\000h\000a\000p\000\040\000P\000e\000n\000g\000u\000m\000p\000u\000l\000a\000n\000\040\000D\000a\000t\000a}{section.3.2}% 39
\BOOKMARK [2][-]{subsection.3.2.3}{\376\377\0003\000.\0002\000.\0003\000\040\000T\000a\000h\000a\000p\000\040\000A\000n\000a\000l\000i\000s\000a\000\040\000d\000a\000n\000\040\000H\000a\000s\000i\000l}{section.3.2}% 40
\BOOKMARK [2][-]{subsection.3.2.4}{\376\377\0003\000.\0002\000.\0004\000\040\000T\000a\000h\000a\000p\000\040\000I\000m\000p\000l\000e\000m\000e\000n\000t\000a\000s\000i}{section.3.2}% 41
\BOOKMARK [2][-]{subsection.3.2.5}{\376\377\0003\000.\0002\000.\0005\000\040\000T\000a\000h\000a\000p\000\040\000P\000e\000n\000u\000l\000i\000s\000a\000n\000\040\000L\000a\000p\000o\000r\000a\000n}{section.3.2}% 42
\BOOKMARK [0][-]{chapter.4}{\376\377\0004\000\040\000A\000N\000A\000L\000I\000S\000A\000\040\000D\000A\000N\000\040\000H\000A\000S\000I\000L}{}% 43
\BOOKMARK [1][-]{section.4.1}{\376\377\0004\000.\0001\000\040\000A\000n\000a\000l\000i\000s\000a\000\040\000S\000i\000s\000t\000e\000m}{chapter.4}% 44
\BOOKMARK [2][-]{subsection.4.1.1}{\376\377\0004\000.\0001\000.\0001\000\040\000A\000n\000a\000l\000i\000s\000a\000\040\000S\000i\000s\000t\000e\000m\000\040\000Y\000a\000n\000g\000\040\000S\000e\000d\000a\000n\000g\000\040\000B\000e\000r\000j\000a\000l\000a\000n}{section.4.1}% 45
\BOOKMARK [1][-]{section.4.2}{\376\377\0004\000.\0002\000\040\000R\000e\000n\000c\000a\000n\000a\000\040\000S\000i\000s\000t\000e\000m\000\040\000y\000a\000n\000g\000\040\000U\000s\000u\000l\000a\000n}{chapter.4}% 46
\BOOKMARK [2][-]{subsection.4.2.1}{\376\377\0004\000.\0002\000.\0001\000\040\000R\000a\000n\000c\000a\000n\000g\000a\000n\000\040\000S\000i\000s\000t\000e\000m\000\040\000U\000s\000u\000l\000a\000n}{section.4.2}% 47
\BOOKMARK [2][-]{subsection.4.2.2}{\376\377\0004\000.\0002\000.\0002\000\040\000U\000s\000e\000\040\000C\000a\000s\000e\000\040\000D\000i\000a\000g\000r\000a\000m}{section.4.2}% 48
\BOOKMARK [2][-]{subsection.4.2.3}{\376\377\0004\000.\0002\000.\0003\000\040\000A\000c\000t\000i\000v\000i\000t\000y\000\040\000D\000i\000a\000g\000r\000a\000m}{section.4.2}% 49
\BOOKMARK [2][-]{subsection.4.2.4}{\376\377\0004\000.\0002\000.\0004\000\040\000C\000l\000a\000s\000s\000\040\000D\000i\000a\000g\000r\000a\000m}{section.4.2}% 50
\BOOKMARK [2][-]{subsection.4.2.5}{\376\377\0004\000.\0002\000.\0005\000\040\000P\000e\000r\000a\000n\000c\000a\000n\000g\000a\000n\000\040\000D\000a\000t\000a\000b\000a\000s\000e}{section.4.2}% 51
\BOOKMARK [2][-]{subsection.4.2.6}{\376\377\0004\000.\0002\000.\0006\000\040\000P\000e\000r\000a\000n\000c\000a\000n\000g\000a\000n\000\040\000I\000n\000t\000e\000r\000f\000a\000c\000e}{section.4.2}% 52
\BOOKMARK [1][-]{section.4.3}{\376\377\0004\000.\0003\000\040\000H\000a\000s\000i\000l\000\040\000I\000m\000p\000l\000e\000m\000e\000n\000t\000a\000s\000i}{chapter.4}% 53
\BOOKMARK [0][-]{chapter.5}{\376\377\0005\000\040\000P\000E\000N\000U\000T\000U\000P}{}% 54
\BOOKMARK [1][-]{section.5.1}{\376\377\0005\000.\0001\000\040\000K\000e\000s\000i\000m\000p\000u\000l\000a\000n}{chapter.5}% 55
\BOOKMARK [1][-]{section.5.2}{\376\377\0005\000.\0002\000\040\000S\000a\000r\000a\000n}{chapter.5}% 56
\BOOKMARK [0][-]{appendix.1.A}{\376\377\000L\000A\000M\000P\000I\000R\000A\000N\000\040\000A\000\040\000S\000u\000r\000a\000t\000\040\000I\000z\000i\000n\000\040\000K\000e\000r\000j\000a\000\040\000P\000r\000a\000k\000t\000e\000k}{}% 57
\BOOKMARK [0][-]{appendix.1.B}{\376\377\000L\000A\000M\000P\000I\000R\000A\000N\000\040\000B\000\040\000T\000r\000a\000n\000s\000k\000i\000p\000\040\000W\000a\000w\000a\000n\000c\000a\000r\000a\000\040\000a\000t\000a\000u\000\040\000H\000a\000s\000i\000l\000\040\000O\000b\000s\000e\000r\000v\000a\000s\000i}{}% 58
\BOOKMARK [0][-]{appendix.1.C}{\376\377\000L\000A\000M\000P\000I\000R\000A\000N\000\040\000C\000\040\000D\000o\000k\000u\000m\000e\000n\000t\000a\000s\000i}{}% 59
\BOOKMARK [0][-]{appendix.1.D}{\376\377\000L\000A\000M\000P\000I\000R\000A\000N\000\040\000D\000\040\000S\000o\000u\000r\000c\000e\000\040\000C\000o\000d\000e\000/\000I\000n\000t\000e\000r\000f\000a\000c\000e\000/\000M\000a\000t\000e\000r\000i\000\040\000P\000e\000n\000g\000m\000a\000s\000/\000T\000u\000t\000o\000r\000i\000a\000l\000/\000D\000l\000l}{}% 60
